<?xml version="1.0" encoding="UTF-8" standalone="yes"?><!DOCTYPE report PUBLIC "-//JACOCO//DTD Report 1.0//EN" "report.dtd"><report name="Providence Utils : Reflection"><sessioninfo id="gwynn-5275d6d9" start="1497531587328" dump="1497531587976"/><package name="net/morimekta/providence/reflect/parser"><class name="net/morimekta/providence/reflect/parser/ParseException"><method name="&lt;init&gt;" desc="(Ljava/lang/Throwable;Ljava/lang/String;[Ljava/lang/Object;)V" line="30"><counter type="INSTRUCTION" missed="9" covered="0"/><counter type="LINE" missed="2" covered="0"/><counter type="COMPLEXITY" missed="1" covered="0"/><counter type="METHOD" missed="1" covered="0"/></method><method name="&lt;init&gt;" desc="(Ljava/lang/String;[Ljava/lang/Object;)V" line="34"><counter type="INSTRUCTION" missed="0" covered="8"/><counter type="LINE" missed="0" covered="2"/><counter type="COMPLEXITY" missed="0" covered="1"/><counter type="METHOD" missed="0" covered="1"/></method><counter type="INSTRUCTION" missed="9" covered="8"/><counter type="LINE" missed="2" covered="2"/><counter type="COMPLEXITY" missed="1" covered="1"/><counter type="METHOD" missed="1" covered="1"/><counter type="CLASS" missed="0" covered="1"/></class><class name="net/morimekta/providence/reflect/parser/MessageProgramParser"><method name="&lt;init&gt;" desc="(Lnet/morimekta/providence/serializer/Serializer;)V" line="39"><counter type="INSTRUCTION" missed="6" covered="0"/><counter type="LINE" missed="3" covered="0"/><counter type="COMPLEXITY" missed="1" covered="0"/><counter type="METHOD" missed="1" covered="0"/></method><method name="parse" desc="(Ljava/io/InputStream;Ljava/io/File;Ljava/util/Collection;)Lnet/morimekta/providence/model/ProgramType;" line="46"><counter type="INSTRUCTION" missed="19" covered="0"/><counter type="LINE" missed="3" covered="0"/><counter type="COMPLEXITY" missed="1" covered="0"/><counter type="METHOD" missed="1" covered="0"/></method><counter type="INSTRUCTION" missed="25" covered="0"/><counter type="LINE" missed="6" covered="0"/><counter type="COMPLEXITY" missed="2" covered="0"/><counter type="METHOD" missed="2" covered="0"/><counter type="CLASS" missed="1" covered="0"/></class><class name="net/morimekta/providence/reflect/parser/ThriftProgramParser"><method name="&lt;init&gt;" desc="()V" line="93"><counter type="INSTRUCTION" missed="0" covered="5"/><counter type="LINE" missed="0" covered="2"/><counter type="COMPLEXITY" missed="0" covered="1"/><counter type="METHOD" missed="0" covered="1"/></method><method name="&lt;init&gt;" desc="(ZZ)V" line="96"><counter type="INSTRUCTION" missed="0" covered="9"/><counter type="LINE" missed="0" covered="4"/><counter type="COMPLEXITY" missed="0" covered="1"/><counter type="METHOD" missed="0" covered="1"/></method><method name="parse" desc="(Ljava/io/InputStream;Ljava/io/File;Ljava/util/Collection;)Lnet/morimekta/providence/model/ProgramType;" line="103"><counter type="INSTRUCTION" missed="56" covered="297"/><counter type="BRANCH" missed="20" covered="44"/><counter type="LINE" missed="9" covered="73"/><counter type="COMPLEXITY" missed="19" covered="21"/><counter type="METHOD" missed="0" covered="1"/></method><method name="parseConst" desc="(Lnet/morimekta/providence/reflect/parser/internal/ThriftTokenizer;Ljava/lang/String;Ljava/util/Set;)Lnet/morimekta/providence/model/ConstType;" line="222"><counter type="INSTRUCTION" missed="0" covered="64"/><counter type="BRANCH" missed="3" covered="3"/><counter type="LINE" missed="0" covered="16"/><counter type="COMPLEXITY" missed="3" covered="1"/><counter type="METHOD" missed="0" covered="1"/></method><method name="parseValue" desc="(Lnet/morimekta/providence/reflect/parser/internal/ThriftTokenizer;)Lnet/morimekta/providence/serializer/pretty/Token;" line="245"><counter type="INSTRUCTION" missed="11" covered="90"/><counter type="BRANCH" missed="3" covered="15"/><counter type="LINE" missed="4" covered="22"/><counter type="COMPLEXITY" missed="3" covered="7"/><counter type="METHOD" missed="0" covered="1"/></method><method name="parseDocLine" desc="(Lnet/morimekta/providence/reflect/parser/internal/ThriftTokenizer;Ljava/lang/String;)Ljava/lang/String;" line="283"><counter type="INSTRUCTION" missed="0" covered="20"/><counter type="BRANCH" missed="0" covered="2"/><counter type="LINE" missed="0" covered="4"/><counter type="COMPLEXITY" missed="0" covered="2"/><counter type="METHOD" missed="0" covered="1"/></method><method name="parseDocBlock" desc="(Lnet/morimekta/providence/reflect/parser/internal/ThriftTokenizer;)Ljava/lang/String;" line="291"><counter type="INSTRUCTION" missed="0" covered="47"/><counter type="BRANCH" missed="0" covered="2"/><counter type="LINE" missed="0" covered="10"/><counter type="COMPLEXITY" missed="0" covered="2"/><counter type="METHOD" missed="0" covered="1"/></method><method name="parseService" desc="(Lnet/morimekta/providence/reflect/parser/internal/ThriftTokenizer;Ljava/lang/String;Ljava/util/Set;)Lnet/morimekta/providence/model/ServiceType;" line="306"><counter type="INSTRUCTION" missed="97" covered="437"/><counter type="BRANCH" missed="16" covered="52"/><counter type="LINE" missed="23" covered="103"/><counter type="COMPLEXITY" missed="16" covered="19"/><counter type="METHOD" missed="0" covered="1"/></method><method name="parseAnnotations" desc="(Lnet/morimekta/providence/reflect/parser/internal/ThriftTokenizer;Ljava/lang/String;)Ljava/util/Map;" line="505"><counter type="INSTRUCTION" missed="0" covered="108"/><counter type="BRANCH" missed="0" covered="4"/><counter type="LINE" missed="0" covered="14"/><counter type="COMPLEXITY" missed="0" covered="3"/><counter type="METHOD" missed="0" covered="1"/></method><method name="parseNamespace" desc="(Lnet/morimekta/providence/reflect/parser/internal/ThriftTokenizer;Ljava/util/Map;)V" line="524"><counter type="INSTRUCTION" missed="12" covered="23"/><counter type="BRANCH" missed="1" covered="1"/><counter type="LINE" missed="2" covered="5"/><counter type="COMPLEXITY" missed="1" covered="1"/><counter type="METHOD" missed="0" covered="1"/></method><method name="parseIncludes" desc="(Lnet/morimekta/providence/reflect/parser/internal/ThriftTokenizer;Ljava/util/List;Ljava/io/File;Ljava/util/Set;Ljava/util/Collection;)V" line="541"><counter type="INSTRUCTION" missed="14" covered="41"/><counter type="BRANCH" missed="1" covered="3"/><counter type="LINE" missed="1" covered="8"/><counter type="COMPLEXITY" missed="1" covered="2"/><counter type="METHOD" missed="0" covered="1"/></method><method name="includeExists" desc="(Ljava/io/File;Ljava/lang/String;Ljava/util/Collection;)Z" line="555"><counter type="INSTRUCTION" missed="14" covered="20"/><counter type="BRANCH" missed="3" covered="3"/><counter type="LINE" missed="3" covered="5"/><counter type="COMPLEXITY" missed="2" covered="2"/><counter type="METHOD" missed="0" covered="1"/></method><method name="parseTypedef" desc="(Lnet/morimekta/providence/reflect/parser/internal/ThriftTokenizer;Ljava/lang/String;Ljava/util/List;Ljava/util/Set;)V" line="570"><counter type="INSTRUCTION" missed="0" covered="28"/><counter type="LINE" missed="0" covered="9"/><counter type="COMPLEXITY" missed="0" covered="1"/><counter type="METHOD" missed="0" covered="1"/></method><method name="parseEnum" desc="(Lnet/morimekta/providence/reflect/parser/internal/ThriftTokenizer;Ljava/lang/String;)Lnet/morimekta/providence/model/EnumType;" line="582"><counter type="INSTRUCTION" missed="12" covered="193"/><counter type="BRANCH" missed="3" covered="27"/><counter type="LINE" missed="1" covered="49"/><counter type="COMPLEXITY" missed="3" covered="13"/><counter type="METHOD" missed="0" covered="1"/></method><method name="parseMessage" desc="(Lnet/morimekta/providence/reflect/parser/internal/ThriftTokenizer;Ljava/lang/String;Ljava/lang/String;Ljava/util/Set;)Lnet/morimekta/providence/model/MessageType;" line="660"><counter type="INSTRUCTION" missed="30" covered="359"/><counter type="BRANCH" missed="4" covered="38"/><counter type="LINE" missed="3" covered="79"/><counter type="COMPLEXITY" missed="4" covered="18"/><counter type="METHOD" missed="0" covered="1"/></method><method name="parseType" desc="(Lnet/morimekta/providence/reflect/parser/internal/ThriftTokenizer;Lnet/morimekta/providence/serializer/pretty/Token;Ljava/util/Set;)Ljava/lang/String;" line="795"><counter type="INSTRUCTION" missed="15" covered="231"/><counter type="BRANCH" missed="4" covered="17"/><counter type="LINE" missed="1" covered="19"/><counter type="COMPLEXITY" missed="4" covered="9"/><counter type="METHOD" missed="0" covered="1"/></method><method name="lambda$parseType$8" desc="(Lnet/morimekta/providence/serializer/pretty/Token;)Z" line="818"><counter type="INSTRUCTION" missed="4" covered="6"/><counter type="BRANCH" missed="3" covered="1"/><counter type="LINE" missed="0" covered="1"/><counter type="COMPLEXITY" missed="2" covered="1"/><counter type="METHOD" missed="0" covered="1"/></method><method name="lambda$parseType$7" desc="(Lnet/morimekta/providence/serializer/pretty/Token;)Z" line="814"><counter type="INSTRUCTION" missed="4" covered="6"/><counter type="BRANCH" missed="3" covered="1"/><counter type="LINE" missed="0" covered="1"/><counter type="COMPLEXITY" missed="2" covered="1"/><counter type="METHOD" missed="0" covered="1"/></method><method name="lambda$parseType$6" desc="(Lnet/morimekta/providence/serializer/pretty/Token;)Z" line="806"><counter type="INSTRUCTION" missed="4" covered="6"/><counter type="BRANCH" missed="3" covered="1"/><counter type="LINE" missed="0" covered="1"/><counter type="COMPLEXITY" missed="2" covered="1"/><counter type="METHOD" missed="0" covered="1"/></method><method name="lambda$parseMessage$5" desc="(Lnet/morimekta/providence/serializer/pretty/Token;)Z" line="734"><counter type="INSTRUCTION" missed="4" covered="6"/><counter type="BRANCH" missed="3" covered="1"/><counter type="LINE" missed="0" covered="1"/><counter type="COMPLEXITY" missed="2" covered="1"/><counter type="METHOD" missed="0" covered="1"/></method><method name="lambda$parseMessage$4" desc="(Lnet/morimekta/providence/serializer/pretty/Token;)Z" line="727"><counter type="INSTRUCTION" missed="4" covered="6"/><counter type="BRANCH" missed="3" covered="1"/><counter type="LINE" missed="0" covered="1"/><counter type="COMPLEXITY" missed="2" covered="1"/><counter type="METHOD" missed="0" covered="1"/></method><method name="lambda$parseMessage$3" desc="(Lnet/morimekta/providence/serializer/pretty/Token;)Z" line="711"><counter type="INSTRUCTION" missed="1" covered="9"/><counter type="BRANCH" missed="1" covered="3"/><counter type="LINE" missed="0" covered="1"/><counter type="COMPLEXITY" missed="1" covered="2"/><counter type="METHOD" missed="0" covered="1"/></method><method name="lambda$parseNamespace$2" desc="(Lnet/morimekta/providence/serializer/pretty/Token;)Z" line="534"><counter type="INSTRUCTION" missed="7" covered="9"/><counter type="BRANCH" missed="3" covered="1"/><counter type="LINE" missed="0" covered="2"/><counter type="COMPLEXITY" missed="2" covered="1"/><counter type="METHOD" missed="0" covered="1"/></method><method name="lambda$parseService$1" desc="(Lnet/morimekta/providence/serializer/pretty/Token;)Z" line="318"><counter type="INSTRUCTION" missed="10" covered="0"/><counter type="BRANCH" missed="4" covered="0"/><counter type="LINE" missed="1" covered="0"/><counter type="COMPLEXITY" missed="3" covered="0"/><counter type="METHOD" missed="1" covered="0"/></method><method name="lambda$parseConst$0" desc="(Lnet/morimekta/providence/serializer/pretty/Token;)Z" line="222"><counter type="INSTRUCTION" missed="4" covered="6"/><counter type="BRANCH" missed="3" covered="1"/><counter type="LINE" missed="0" covered="1"/><counter type="COMPLEXITY" missed="2" covered="1"/><counter type="METHOD" missed="0" covered="1"/></method><method name="&lt;clinit&gt;" desc="()V" line="81"><counter type="INSTRUCTION" missed="0" covered="13"/><counter type="LINE" missed="0" covered="4"/><counter type="COMPLEXITY" missed="0" covered="1"/><counter type="METHOD" missed="0" covered="1"/></method><counter type="INSTRUCTION" missed="303" covered="2039"/><counter type="BRANCH" missed="84" covered="221"/><counter type="LINE" missed="47" covered="434"/><counter type="COMPLEXITY" missed="74" covered="113"/><counter type="METHOD" missed="1" covered="25"/><counter type="CLASS" missed="0" covered="1"/></class><sourcefile name="ParseException.java"><line nr="30" mi="8" ci="0" mb="0" cb="0"/><line nr="31" mi="1" ci="0" mb="0" cb="0"/><line nr="34" mi="0" ci="7" mb="0" cb="0"/><line nr="35" mi="0" ci="1" mb="0" cb="0"/><counter type="INSTRUCTION" missed="9" covered="8"/><counter type="LINE" missed="2" covered="2"/><counter type="COMPLEXITY" missed="1" covered="1"/><counter type="METHOD" missed="1" covered="1"/><counter type="CLASS" missed="0" covered="1"/></sourcefile><sourcefile name="MessageProgramParser.java"><line nr="39" mi="2" ci="0" mb="0" cb="0"/><line nr="40" mi="3" ci="0" mb="0" cb="0"/><line nr="41" mi="1" ci="0" mb="0" cb="0"/><line nr="46" mi="7" ci="0" mb="0" cb="0"/><line nr="47" mi="1" ci="0" mb="0" cb="0"/><line nr="48" mi="11" ci="0" mb="0" cb="0"/><counter type="INSTRUCTION" missed="25" covered="0"/><counter type="LINE" missed="6" covered="0"/><counter type="COMPLEXITY" missed="2" covered="0"/><counter type="METHOD" missed="2" covered="0"/><counter type="CLASS" missed="1" covered="0"/></sourcefile><sourcefile name="ThriftProgramParser.java"><line nr="81" mi="0" ci="3" mb="0" cb="0"/><line nr="82" mi="0" ci="3" mb="0" cb="0"/><line nr="84" mi="0" ci="3" mb="0" cb="0"/><line nr="86" mi="0" ci="4" mb="0" cb="0"/><line nr="93" mi="0" ci="4" mb="0" cb="0"/><line nr="94" mi="0" ci="1" mb="0" cb="0"/><line nr="96" mi="0" ci="2" mb="0" cb="0"/><line nr="97" mi="0" ci="3" mb="0" cb="0"/><line nr="98" mi="0" ci="3" mb="0" cb="0"/><line nr="99" mi="0" ci="1" mb="0" cb="0"/><line nr="103" mi="0" ci="2" mb="0" cb="0"/><line nr="105" mi="0" ci="4" mb="0" cb="0"/><line nr="106" mi="0" ci="5" mb="1" cb="1"/><line nr="107" mi="8" ci="0" mb="0" cb="0"/><line nr="108" mi="5" ci="0" mb="0" cb="0"/><line nr="109" mi="5" ci="0" mb="0" cb="0"/><line nr="111" mi="0" ci="4" mb="0" cb="0"/><line nr="113" mi="0" ci="4" mb="0" cb="0"/><line nr="114" mi="0" ci="4" mb="0" cb="0"/><line nr="115" mi="0" ci="4" mb="0" cb="0"/><line nr="117" mi="0" ci="4" mb="0" cb="0"/><line nr="119" mi="0" ci="5" mb="0" cb="0"/><line nr="121" mi="0" ci="2" mb="0" cb="0"/><line nr="122" mi="0" ci="2" mb="0" cb="0"/><line nr="124" mi="0" ci="2" mb="0" cb="0"/><line nr="126" mi="0" ci="5" mb="0" cb="2"/><line nr="127" mi="0" ci="4" mb="0" cb="2"/><line nr="128" mi="0" ci="5" mb="0" cb="0"/><line nr="129" mi="0" ci="1" mb="0" cb="0"/><line nr="130" mi="0" ci="4" mb="0" cb="2"/><line nr="131" mi="0" ci="4" mb="0" cb="0"/><line nr="132" mi="0" ci="1" mb="0" cb="0"/><line nr="135" mi="0" ci="3" mb="0" cb="0"/><line nr="136" mi="0" ci="4" mb="1" cb="1"/><line nr="137" mi="10" ci="0" mb="0" cb="0"/><line nr="138" mi="2" ci="0" mb="0" cb="0"/><line nr="140" mi="0" ci="71" mb="11" cb="25"/><line nr="142" mi="0" ci="2" mb="1" cb="1"/><line nr="143" mi="7" ci="0" mb="0" cb="0"/><line nr="146" mi="0" ci="4" mb="1" cb="3"/><line nr="147" mi="0" ci="4" mb="0" cb="0"/><line nr="149" mi="0" ci="2" mb="0" cb="0"/><line nr="150" mi="0" ci="2" mb="0" cb="0"/><line nr="151" mi="0" ci="4" mb="0" cb="0"/><line nr="152" mi="0" ci="1" mb="0" cb="0"/><line nr="154" mi="0" ci="2" mb="0" cb="2"/><line nr="155" mi="0" ci="7" mb="0" cb="0"/><line nr="158" mi="2" ci="2" mb="3" cb="1"/><line nr="159" mi="4" ci="0" mb="0" cb="0"/><line nr="161" mi="0" ci="2" mb="0" cb="0"/><line nr="162" mi="0" ci="2" mb="0" cb="0"/><line nr="163" mi="0" ci="7" mb="0" cb="0"/><line nr="164" mi="0" ci="1" mb="0" cb="0"/><line nr="166" mi="0" ci="2" mb="0" cb="0"/><line nr="167" mi="0" ci="2" mb="0" cb="0"/><line nr="168" mi="0" ci="6" mb="0" cb="0"/><line nr="169" mi="0" ci="2" mb="0" cb="0"/><line nr="170" mi="0" ci="1" mb="0" cb="0"/><line nr="172" mi="0" ci="2" mb="0" cb="0"/><line nr="173" mi="0" ci="2" mb="0" cb="0"/><line nr="174" mi="0" ci="5" mb="0" cb="0"/><line nr="175" mi="0" ci="5" mb="0" cb="0"/><line nr="176" mi="0" ci="2" mb="0" cb="0"/><line nr="177" mi="0" ci="1" mb="0" cb="0"/><line nr="181" mi="0" ci="2" mb="0" cb="0"/><line nr="182" mi="0" ci="2" mb="0" cb="0"/><line nr="183" mi="0" ci="8" mb="0" cb="0"/><line nr="184" mi="0" ci="5" mb="0" cb="0"/><line nr="185" mi="0" ci="2" mb="0" cb="0"/><line nr="186" mi="0" ci="1" mb="0" cb="0"/><line nr="188" mi="0" ci="2" mb="0" cb="0"/><line nr="189" mi="0" ci="2" mb="0" cb="0"/><line nr="190" mi="0" ci="6" mb="0" cb="0"/><line nr="191" mi="0" ci="5" mb="0" cb="0"/><line nr="192" mi="0" ci="2" mb="0" cb="0"/><line nr="193" mi="0" ci="1" mb="0" cb="0"/><line nr="195" mi="0" ci="2" mb="0" cb="0"/><line nr="196" mi="0" ci="2" mb="0" cb="0"/><line nr="197" mi="0" ci="6" mb="0" cb="0"/><line nr="198" mi="0" ci="5" mb="0" cb="0"/><line nr="199" mi="0" ci="2" mb="0" cb="0"/><line nr="200" mi="0" ci="1" mb="0" cb="0"/><line nr="202" mi="10" ci="0" mb="0" cb="0"/><line nr="204" mi="3" ci="0" mb="0" cb="0"/><line nr="206" mi="0" ci="1" mb="0" cb="0"/><line nr="208" mi="0" ci="3" mb="1" cb="1"/><line nr="209" mi="0" ci="4" mb="0" cb="0"/><line nr="211" mi="0" ci="3" mb="0" cb="2"/><line nr="212" mi="0" ci="4" mb="0" cb="0"/><line nr="214" mi="0" ci="3" mb="1" cb="1"/><line nr="215" mi="0" ci="4" mb="0" cb="0"/><line nr="218" mi="0" ci="3" mb="0" cb="0"/><line nr="222" mi="4" ci="11" mb="3" cb="1"/><line nr="223" mi="0" ci="6" mb="0" cb="0"/><line nr="224" mi="0" ci="4" mb="0" cb="0"/><line nr="226" mi="0" ci="10" mb="0" cb="0"/><line nr="228" mi="0" ci="4" mb="0" cb="0"/><line nr="229" mi="0" ci="3" mb="0" cb="0"/><line nr="230" mi="0" ci="10" mb="3" cb="3"/><line nr="231" mi="0" ci="3" mb="0" cb="0"/><line nr="234" mi="0" ci="3" mb="0" cb="0"/><line nr="235" mi="0" ci="2" mb="0" cb="0"/><line nr="236" mi="0" ci="3" mb="0" cb="0"/><line nr="237" mi="0" ci="2" mb="0" cb="0"/><line nr="238" mi="0" ci="3" mb="0" cb="0"/><line nr="239" mi="0" ci="3" mb="0" cb="0"/><line nr="240" mi="0" ci="2" mb="0" cb="0"/><line nr="241" mi="0" ci="1" mb="0" cb="0"/><line nr="245" mi="0" ci="4" mb="0" cb="0"/><line nr="247" mi="0" ci="2" mb="0" cb="0"/><line nr="248" mi="0" ci="2" mb="0" cb="0"/><line nr="249" mi="0" ci="2" mb="0" cb="0"/><line nr="251" mi="0" ci="4" mb="0" cb="0"/><line nr="252" mi="0" ci="2" mb="0" cb="2"/><line nr="253" mi="0" ci="3" mb="0" cb="0"/><line nr="254" mi="0" ci="3" mb="0" cb="0"/><line nr="255" mi="0" ci="3" mb="0" cb="0"/><line nr="258" mi="0" ci="4" mb="1" cb="1"/><line nr="259" mi="4" ci="0" mb="0" cb="0"/><line nr="260" mi="1" ci="0" mb="0" cb="0"/><line nr="261" mi="0" ci="4" mb="1" cb="1"/><line nr="262" mi="5" ci="0" mb="0" cb="0"/><line nr="263" mi="1" ci="0" mb="0" cb="0"/><line nr="264" mi="0" ci="4" mb="0" cb="2"/><line nr="265" mi="0" ci="6" mb="0" cb="0"/><line nr="266" mi="0" ci="4" mb="0" cb="2"/><line nr="267" mi="0" ci="6" mb="0" cb="0"/><line nr="268" mi="0" ci="9" mb="0" cb="4"/><line nr="269" mi="0" ci="8" mb="1" cb="1"/><line nr="270" mi="0" ci="3" mb="0" cb="0"/><line nr="273" mi="0" ci="3" mb="0" cb="2"/><line nr="274" mi="0" ci="5" mb="0" cb="0"/><line nr="275" mi="0" ci="8" mb="0" cb="0"/><line nr="279" mi="0" ci="1" mb="0" cb="0"/><line nr="283" mi="0" ci="5" mb="0" cb="0"/><line nr="284" mi="0" ci="2" mb="0" cb="2"/><line nr="285" mi="0" ci="11" mb="0" cb="0"/><line nr="287" mi="0" ci="2" mb="0" cb="0"/><line nr="291" mi="0" ci="5" mb="0" cb="0"/><line nr="292" mi="0" ci="4" mb="0" cb="0"/><line nr="293" mi="0" ci="4" mb="0" cb="0"/><line nr="295" mi="0" ci="2" mb="0" cb="0"/><line nr="296" mi="0" ci="16" mb="0" cb="2"/><line nr="297" mi="0" ci="7" mb="0" cb="0"/><line nr="298" mi="0" ci="1" mb="0" cb="0"/><line nr="299" mi="0" ci="4" mb="0" cb="0"/><line nr="301" mi="0" ci="3" mb="0" cb="0"/><line nr="302" mi="0" ci="1" mb="0" cb="0"/><line nr="306" mi="0" ci="2" mb="0" cb="0"/><line nr="308" mi="0" ci="2" mb="1" cb="1"/><line nr="309" mi="4" ci="0" mb="0" cb="0"/><line nr="310" mi="2" ci="0" mb="0" cb="0"/><line nr="312" mi="0" ci="4" mb="0" cb="0"/><line nr="313" mi="0" ci="5" mb="0" cb="0"/><line nr="315" mi="0" ci="6" mb="1" cb="1"/><line nr="316" mi="3" ci="0" mb="0" cb="0"/><line nr="317" mi="7" ci="0" mb="0" cb="0"/><line nr="318" mi="11" ci="0" mb="4" cb="0"/><line nr="321" mi="0" ci="10" mb="0" cb="0"/><line nr="323" mi="0" ci="4" mb="0" cb="0"/><line nr="326" mi="0" ci="4" mb="0" cb="0"/><line nr="327" mi="0" ci="4" mb="0" cb="2"/><line nr="328" mi="0" ci="1" mb="0" cb="0"/><line nr="329" mi="0" ci="4" mb="0" cb="2"/><line nr="330" mi="0" ci="5" mb="0" cb="0"/><line nr="331" mi="0" ci="1" mb="0" cb="0"/><line nr="332" mi="0" ci="4" mb="0" cb="2"/><line nr="333" mi="0" ci="4" mb="0" cb="0"/><line nr="334" mi="0" ci="1" mb="0" cb="0"/><line nr="337" mi="0" ci="2" mb="0" cb="0"/><line nr="338" mi="0" ci="2" mb="0" cb="2"/><line nr="339" mi="0" ci="4" mb="0" cb="0"/><line nr="340" mi="0" ci="2" mb="0" cb="0"/><line nr="343" mi="0" ci="4" mb="0" cb="2"/><line nr="344" mi="0" ci="4" mb="0" cb="0"/><line nr="345" mi="0" ci="4" mb="0" cb="0"/><line nr="348" mi="0" ci="4" mb="0" cb="2"/><line nr="349" mi="0" ci="3" mb="1" cb="1"/><line nr="350" mi="10" ci="0" mb="0" cb="0"/><line nr="352" mi="3" ci="0" mb="0" cb="0"/><line nr="354" mi="0" ci="8" mb="0" cb="0"/><line nr="357" mi="0" ci="5" mb="0" cb="0"/><line nr="358" mi="0" ci="4" mb="0" cb="0"/><line nr="359" mi="0" ci="4" mb="1" cb="1"/><line nr="360" mi="16" ci="0" mb="0" cb="0"/><line nr="364" mi="0" ci="4" mb="0" cb="0"/><line nr="366" mi="0" ci="4" mb="0" cb="0"/><line nr="368" mi="0" ci="10" mb="0" cb="0"/><line nr="370" mi="0" ci="2" mb="0" cb="0"/><line nr="372" mi="0" ci="4" mb="0" cb="0"/><line nr="373" mi="0" ci="4" mb="0" cb="2"/><line nr="374" mi="0" ci="1" mb="0" cb="0"/><line nr="375" mi="0" ci="4" mb="1" cb="1"/><line nr="376" mi="5" ci="0" mb="0" cb="0"/><line nr="377" mi="1" ci="0" mb="0" cb="0"/><line nr="378" mi="0" ci="4" mb="1" cb="1"/><line nr="379" mi="4" ci="0" mb="0" cb="0"/><line nr="380" mi="1" ci="0" mb="0" cb="0"/><line nr="383" mi="0" ci="2" mb="0" cb="0"/><line nr="384" mi="0" ci="2" mb="1" cb="1"/><line nr="385" mi="4" ci="0" mb="0" cb="0"/><line nr="386" mi="2" ci="0" mb="0" cb="0"/><line nr="389" mi="0" ci="3" mb="0" cb="2"/><line nr="390" mi="0" ci="6" mb="0" cb="0"/><line nr="391" mi="0" ci="10" mb="0" cb="0"/><line nr="392" mi="0" ci="5" mb="0" cb="0"/><line nr="394" mi="0" ci="3" mb="1" cb="1"/><line nr="395" mi="7" ci="0" mb="0" cb="0"/><line nr="397" mi="0" ci="5" mb="0" cb="0"/><line nr="400" mi="0" ci="8" mb="0" cb="0"/><line nr="401" mi="0" ci="6" mb="0" cb="0"/><line nr="402" mi="0" ci="1" mb="0" cb="0"/><line nr="405" mi="0" ci="4" mb="0" cb="0"/><line nr="406" mi="0" ci="2" mb="0" cb="2"/><line nr="407" mi="0" ci="3" mb="0" cb="0"/><line nr="408" mi="0" ci="7" mb="0" cb="0"/><line nr="411" mi="0" ci="4" mb="0" cb="0"/><line nr="412" mi="0" ci="8" mb="1" cb="3"/><line nr="413" mi="0" ci="3" mb="0" cb="0"/><line nr="416" mi="0" ci="10" mb="0" cb="0"/><line nr="417" mi="0" ci="1" mb="0" cb="0"/><line nr="418" mi="0" ci="2" mb="0" cb="0"/><line nr="420" mi="0" ci="4" mb="0" cb="0"/><line nr="421" mi="0" ci="2" mb="0" cb="2"/><line nr="422" mi="0" ci="3" mb="0" cb="0"/><line nr="423" mi="0" ci="10" mb="0" cb="0"/><line nr="425" mi="0" ci="2" mb="0" cb="0"/><line nr="428" mi="0" ci="4" mb="0" cb="0"/><line nr="430" mi="0" ci="4" mb="0" cb="2"/><line nr="431" mi="0" ci="1" mb="0" cb="0"/><line nr="432" mi="0" ci="4" mb="1" cb="1"/><line nr="433" mi="5" ci="0" mb="0" cb="0"/><line nr="434" mi="1" ci="0" mb="0" cb="0"/><line nr="435" mi="0" ci="4" mb="1" cb="1"/><line nr="436" mi="4" ci="0" mb="0" cb="0"/><line nr="437" mi="1" ci="0" mb="0" cb="0"/><line nr="440" mi="0" ci="2" mb="0" cb="0"/><line nr="441" mi="0" ci="2" mb="1" cb="1"/><line nr="442" mi="4" ci="0" mb="0" cb="0"/><line nr="443" mi="2" ci="0" mb="0" cb="0"/><line nr="446" mi="0" ci="3" mb="0" cb="2"/><line nr="447" mi="0" ci="6" mb="0" cb="0"/><line nr="448" mi="0" ci="10" mb="0" cb="0"/><line nr="449" mi="0" ci="5" mb="0" cb="0"/><line nr="451" mi="0" ci="3" mb="1" cb="1"/><line nr="452" mi="7" ci="0" mb="0" cb="0"/><line nr="454" mi="0" ci="5" mb="0" cb="0"/><line nr="457" mi="0" ci="8" mb="0" cb="0"/><line nr="458" mi="0" ci="6" mb="0" cb="0"/><line nr="459" mi="0" ci="1" mb="0" cb="0"/><line nr="462" mi="0" ci="4" mb="0" cb="0"/><line nr="463" mi="0" ci="2" mb="0" cb="2"/><line nr="464" mi="0" ci="3" mb="0" cb="0"/><line nr="465" mi="0" ci="7" mb="0" cb="0"/><line nr="468" mi="0" ci="10" mb="0" cb="0"/><line nr="470" mi="0" ci="4" mb="0" cb="0"/><line nr="471" mi="0" ci="8" mb="2" cb="2"/><line nr="472" mi="3" ci="0" mb="0" cb="0"/><line nr="474" mi="0" ci="1" mb="0" cb="0"/><line nr="477" mi="0" ci="4" mb="0" cb="0"/><line nr="479" mi="0" ci="4" mb="0" cb="2"/><line nr="480" mi="0" ci="3" mb="0" cb="0"/><line nr="481" mi="0" ci="7" mb="0" cb="0"/><line nr="482" mi="0" ci="4" mb="0" cb="0"/><line nr="485" mi="0" ci="10" mb="0" cb="0"/><line nr="487" mi="0" ci="8" mb="1" cb="3"/><line nr="488" mi="0" ci="3" mb="0" cb="0"/><line nr="490" mi="0" ci="1" mb="0" cb="0"/><line nr="492" mi="0" ci="3" mb="0" cb="0"/><line nr="493" mi="0" ci="2" mb="0" cb="2"/><line nr="494" mi="0" ci="4" mb="0" cb="2"/><line nr="496" mi="0" ci="3" mb="0" cb="0"/><line nr="497" mi="0" ci="7" mb="0" cb="0"/><line nr="501" mi="0" ci="3" mb="0" cb="0"/><line nr="505" mi="0" ci="4" mb="0" cb="0"/><line nr="506" mi="0" ci="2" mb="0" cb="0"/><line nr="507" mi="0" ci="3" mb="0" cb="2"/><line nr="508" mi="0" ci="12" mb="0" cb="0"/><line nr="509" mi="0" ci="3" mb="0" cb="0"/><line nr="510" mi="0" ci="29" mb="0" cb="0"/><line nr="511" mi="0" ci="3" mb="0" cb="2"/><line nr="512" mi="0" ci="11" mb="0" cb="0"/><line nr="513" mi="0" ci="7" mb="0" cb="0"/><line nr="514" mi="0" ci="25" mb="0" cb="0"/><line nr="515" mi="0" ci="1" mb="0" cb="0"/><line nr="516" mi="0" ci="5" mb="0" cb="0"/><line nr="518" mi="0" ci="1" mb="0" cb="0"/><line nr="520" mi="0" ci="2" mb="0" cb="0"/><line nr="524" mi="0" ci="5" mb="0" cb="0"/><line nr="526" mi="0" ci="5" mb="1" cb="1"/><line nr="527" mi="10" ci="0" mb="0" cb="0"/><line nr="529" mi="2" ci="0" mb="0" cb="0"/><line nr="532" mi="0" ci="5" mb="0" cb="0"/><line nr="534" mi="2" ci="7" mb="1" cb="1"/><line nr="535" mi="5" ci="2" mb="2" cb="0"/><line nr="537" mi="0" ci="7" mb="0" cb="0"/><line nr="538" mi="0" ci="1" mb="0" cb="0"/><line nr="541" mi="0" ci="4" mb="0" cb="0"/><line nr="542" mi="0" ci="4" mb="0" cb="0"/><line nr="543" mi="0" ci="3" mb="1" cb="1"/><line nr="544" mi="14" ci="0" mb="0" cb="0"/><line nr="547" mi="0" ci="6" mb="0" cb="2"/><line nr="548" mi="0" ci="14" mb="0" cb="0"/><line nr="550" mi="0" ci="4" mb="0" cb="0"/><line nr="551" mi="0" ci="5" mb="0" cb="0"/><line nr="552" mi="0" ci="1" mb="0" cb="0"/><line nr="555" mi="0" ci="3" mb="0" cb="0"/><line nr="556" mi="0" ci="7" mb="0" cb="2"/><line nr="557" mi="0" ci="2" mb="0" cb="0"/><line nr="559" mi="4" ci="6" mb="1" cb="1"/><line nr="560" mi="7" ci="0" mb="2" cb="0"/><line nr="561" mi="2" ci="0" mb="0" cb="0"/><line nr="563" mi="1" ci="0" mb="0" cb="0"/><line nr="565" mi="0" ci="2" mb="0" cb="0"/><line nr="570" mi="0" ci="8" mb="0" cb="0"/><line nr="571" mi="0" ci="4" mb="0" cb="0"/><line nr="573" mi="0" ci="2" mb="0" cb="0"/><line nr="574" mi="0" ci="2" mb="0" cb="0"/><line nr="575" mi="0" ci="2" mb="0" cb="0"/><line nr="576" mi="0" ci="2" mb="0" cb="0"/><line nr="577" mi="0" ci="2" mb="0" cb="0"/><line nr="578" mi="0" ci="5" mb="0" cb="0"/><line nr="579" mi="0" ci="1" mb="0" cb="0"/><line nr="582" mi="0" ci="5" mb="0" cb="0"/><line nr="584" mi="0" ci="2" mb="0" cb="0"/><line nr="585" mi="0" ci="2" mb="0" cb="2"/><line nr="586" mi="0" ci="4" mb="0" cb="0"/><line nr="587" mi="0" ci="2" mb="0" cb="0"/><line nr="589" mi="0" ci="4" mb="0" cb="0"/><line nr="591" mi="0" ci="2" mb="0" cb="0"/><line nr="593" mi="0" ci="10" mb="0" cb="0"/><line nr="595" mi="0" ci="6" mb="1" cb="1"/><line nr="597" mi="0" ci="4" mb="0" cb="0"/><line nr="598" mi="0" ci="4" mb="0" cb="2"/><line nr="599" mi="0" ci="1" mb="0" cb="0"/><line nr="600" mi="0" ci="4" mb="0" cb="2"/><line nr="601" mi="0" ci="6" mb="0" cb="0"/><line nr="602" mi="0" ci="4" mb="0" cb="2"/><line nr="603" mi="0" ci="5" mb="0" cb="0"/><line nr="604" mi="0" ci="3" mb="1" cb="1"/><line nr="605" mi="0" ci="2" mb="0" cb="0"/><line nr="606" mi="0" ci="5" mb="0" cb="0"/><line nr="607" mi="0" ci="2" mb="0" cb="2"/><line nr="608" mi="0" ci="4" mb="0" cb="0"/><line nr="609" mi="0" ci="2" mb="0" cb="0"/><line nr="612" mi="0" ci="3" mb="0" cb="0"/><line nr="613" mi="0" ci="4" mb="0" cb="0"/><line nr="614" mi="0" ci="2" mb="0" cb="2"/><line nr="615" mi="0" ci="3" mb="0" cb="0"/><line nr="616" mi="0" ci="4" mb="0" cb="0"/><line nr="617" mi="0" ci="4" mb="0" cb="0"/><line nr="618" mi="0" ci="4" mb="0" cb="0"/><line nr="619" mi="0" ci="4" mb="0" cb="2"/><line nr="621" mi="0" ci="3" mb="1" cb="1"/><line nr="622" mi="0" ci="3" mb="0" cb="0"/><line nr="624" mi="0" ci="7" mb="0" cb="0"/><line nr="627" mi="0" ci="4" mb="0" cb="0"/><line nr="630" mi="0" ci="4" mb="0" cb="0"/><line nr="631" mi="0" ci="2" mb="0" cb="2"/><line nr="632" mi="0" ci="3" mb="0" cb="0"/><line nr="633" mi="0" ci="7" mb="0" cb="0"/><line nr="636" mi="0" ci="10" mb="0" cb="0"/><line nr="639" mi="0" ci="4" mb="0" cb="0"/><line nr="640" mi="0" ci="8" mb="0" cb="4"/><line nr="641" mi="0" ci="3" mb="0" cb="0"/><line nr="643" mi="0" ci="1" mb="0" cb="0"/><line nr="644" mi="12" ci="0" mb="0" cb="0"/><line nr="646" mi="0" ci="1" mb="0" cb="0"/><line nr="649" mi="0" ci="3" mb="0" cb="0"/><line nr="650" mi="0" ci="6" mb="0" cb="4"/><line nr="651" mi="0" ci="3" mb="0" cb="0"/><line nr="652" mi="0" ci="7" mb="0" cb="0"/><line nr="655" mi="0" ci="3" mb="0" cb="0"/><line nr="660" mi="0" ci="2" mb="0" cb="0"/><line nr="661" mi="0" ci="2" mb="0" cb="2"/><line nr="662" mi="0" ci="4" mb="0" cb="0"/><line nr="663" mi="0" ci="2" mb="0" cb="0"/><line nr="665" mi="0" ci="4" mb="0" cb="0"/><line nr="666" mi="0" ci="4" mb="0" cb="2"/><line nr="667" mi="0" ci="6" mb="0" cb="0"/><line nr="670" mi="0" ci="7" mb="0" cb="0"/><line nr="672" mi="0" ci="2" mb="0" cb="0"/><line nr="674" mi="0" ci="10" mb="0" cb="0"/><line nr="676" mi="0" ci="4" mb="0" cb="0"/><line nr="677" mi="0" ci="4" mb="0" cb="0"/><line nr="678" mi="0" ci="4" mb="0" cb="0"/><line nr="681" mi="0" ci="4" mb="0" cb="0"/><line nr="682" mi="0" ci="4" mb="0" cb="2"/><line nr="683" mi="0" ci="1" mb="0" cb="0"/><line nr="684" mi="0" ci="4" mb="0" cb="2"/><line nr="685" mi="0" ci="5" mb="0" cb="0"/><line nr="686" mi="0" ci="1" mb="0" cb="0"/><line nr="687" mi="0" ci="4" mb="0" cb="2"/><line nr="688" mi="0" ci="4" mb="0" cb="0"/><line nr="689" mi="0" ci="1" mb="0" cb="0"/><line nr="692" mi="0" ci="2" mb="0" cb="0"/><line nr="693" mi="0" ci="4" mb="0" cb="0"/><line nr="694" mi="0" ci="2" mb="0" cb="0"/><line nr="696" mi="0" ci="3" mb="0" cb="2"/><line nr="697" mi="0" ci="4" mb="0" cb="0"/><line nr="698" mi="0" ci="3" mb="1" cb="1"/><line nr="699" mi="16" ci="0" mb="0" cb="0"/><line nr="702" mi="0" ci="5" mb="0" cb="2"/><line nr="703" mi="0" ci="14" mb="0" cb="0"/><line nr="704" mi="0" ci="6" mb="0" cb="0"/><line nr="706" mi="0" ci="5" mb="0" cb="0"/><line nr="707" mi="0" ci="4" mb="0" cb="0"/><line nr="709" mi="0" ci="10" mb="0" cb="0"/><line nr="710" mi="0" ci="5" mb="0" cb="0"/><line nr="711" mi="1" ci="9" mb="1" cb="3"/><line nr="712" mi="0" ci="1" mb="0" cb="0"/><line nr="713" mi="0" ci="3" mb="1" cb="1"/><line nr="714" mi="7" ci="0" mb="0" cb="0"/><line nr="717" mi="0" ci="5" mb="0" cb="0"/><line nr="720" mi="0" ci="4" mb="0" cb="2"/><line nr="721" mi="0" ci="2" mb="1" cb="1"/><line nr="722" mi="7" ci="0" mb="0" cb="0"/><line nr="725" mi="0" ci="4" mb="0" cb="0"/><line nr="726" mi="0" ci="6" mb="0" cb="0"/><line nr="727" mi="4" ci="6" mb="3" cb="1"/><line nr="728" mi="0" ci="4" mb="0" cb="2"/><line nr="729" mi="0" ci="2" mb="1" cb="1"/><line nr="731" mi="0" ci="4" mb="0" cb="0"/><line nr="733" mi="0" ci="5" mb="0" cb="0"/><line nr="734" mi="4" ci="6" mb="3" cb="1"/><line nr="738" mi="0" ci="8" mb="0" cb="0"/><line nr="740" mi="0" ci="4" mb="0" cb="0"/><line nr="741" mi="0" ci="3" mb="0" cb="0"/><line nr="742" mi="0" ci="4" mb="0" cb="2"/><line nr="743" mi="0" ci="14" mb="0" cb="0"/><line nr="746" mi="0" ci="3" mb="0" cb="0"/><line nr="748" mi="0" ci="6" mb="0" cb="2"/><line nr="749" mi="0" ci="14" mb="0" cb="0"/><line nr="752" mi="0" ci="3" mb="0" cb="0"/><line nr="754" mi="0" ci="4" mb="0" cb="0"/><line nr="755" mi="0" ci="6" mb="0" cb="0"/><line nr="757" mi="0" ci="4" mb="0" cb="0"/><line nr="759" mi="0" ci="4" mb="0" cb="0"/><line nr="762" mi="0" ci="4" mb="0" cb="2"/><line nr="763" mi="0" ci="3" mb="0" cb="0"/><line nr="764" mi="0" ci="4" mb="0" cb="0"/><line nr="765" mi="0" ci="5" mb="0" cb="0"/><line nr="766" mi="0" ci="5" mb="0" cb="0"/><line nr="767" mi="0" ci="5" mb="0" cb="0"/><line nr="768" mi="0" ci="4" mb="0" cb="0"/><line nr="772" mi="0" ci="4" mb="0" cb="2"/><line nr="773" mi="0" ci="3" mb="0" cb="0"/><line nr="774" mi="0" ci="7" mb="0" cb="0"/><line nr="775" mi="0" ci="4" mb="0" cb="0"/><line nr="778" mi="0" ci="10" mb="0" cb="0"/><line nr="780" mi="0" ci="8" mb="0" cb="4"/><line nr="781" mi="0" ci="3" mb="0" cb="0"/><line nr="783" mi="0" ci="1" mb="0" cb="0"/><line nr="785" mi="0" ci="3" mb="0" cb="0"/><line nr="786" mi="0" ci="6" mb="0" cb="4"/><line nr="787" mi="0" ci="3" mb="0" cb="0"/><line nr="788" mi="0" ci="7" mb="0" cb="0"/><line nr="791" mi="0" ci="3" mb="0" cb="0"/><line nr="795" mi="0" ci="4" mb="0" cb="2"/><line nr="796" mi="0" ci="2" mb="1" cb="1"/><line nr="797" mi="15" ci="0" mb="0" cb="0"/><line nr="800" mi="0" ci="3" mb="0" cb="0"/><line nr="801" mi="0" ci="29" mb="3" cb="10"/><line nr="804" mi="0" ci="17" mb="0" cb="0"/><line nr="805" mi="0" ci="16" mb="0" cb="0"/><line nr="806" mi="4" ci="6" mb="3" cb="1"/><line nr="807" mi="0" ci="17" mb="0" cb="0"/><line nr="809" mi="0" ci="13" mb="0" cb="0"/><line nr="812" mi="0" ci="17" mb="0" cb="0"/><line nr="813" mi="0" ci="16" mb="0" cb="0"/><line nr="814" mi="4" ci="6" mb="3" cb="1"/><line nr="816" mi="0" ci="17" mb="0" cb="0"/><line nr="817" mi="0" ci="16" mb="0" cb="0"/><line nr="818" mi="4" ci="6" mb="3" cb="1"/><line nr="819" mi="0" ci="17" mb="0" cb="0"/><line nr="821" mi="0" ci="17" mb="0" cb="0"/><line nr="824" mi="0" ci="4" mb="0" cb="2"/><line nr="826" mi="0" ci="5" mb="0" cb="0"/><line nr="827" mi="0" ci="4" mb="0" cb="2"/><line nr="828" mi="0" ci="15" mb="0" cb="0"/><line nr="831" mi="0" ci="2" mb="0" cb="0"/><counter type="INSTRUCTION" missed="303" covered="2039"/><counter type="BRANCH" missed="84" covered="221"/><counter type="LINE" missed="47" covered="434"/><counter type="COMPLEXITY" missed="74" covered="113"/><counter type="METHOD" missed="1" covered="25"/><counter type="CLASS" missed="0" covered="1"/></sourcefile><counter type="INSTRUCTION" missed="337" covered="2047"/><counter type="BRANCH" missed="84" covered="221"/><counter type="LINE" missed="55" covered="436"/><counter type="COMPLEXITY" missed="77" covered="114"/><counter type="METHOD" missed="4" covered="26"/><counter type="CLASS" missed="1" covered="2"/></package><package name="net/morimekta/providence/reflect/contained"><class name="net/morimekta/providence/reflect/contained/CService"><method name="&lt;init&gt;" desc="(Ljava/lang/String;Ljava/lang/String;Ljava/lang/String;Lnet/morimekta/providence/descriptor/PServiceProvider;Ljava/util/Collection;Ljava/util/Map;)V" line="45"><counter type="INSTRUCTION" missed="0" covered="13"/><counter type="LINE" missed="0" covered="4"/><counter type="COMPLEXITY" missed="0" covered="1"/><counter type="METHOD" missed="0" covered="1"/></method><method name="getMethods" desc="()Ljava/util/Collection;" line="53"><counter type="INSTRUCTION" missed="3" covered="0"/><counter type="LINE" missed="1" covered="0"/><counter type="COMPLEXITY" missed="1" covered="0"/><counter type="METHOD" missed="1" covered="0"/></method><method name="getMethod" desc="(Ljava/lang/String;)Lnet/morimekta/providence/reflect/contained/CServiceMethod;" line="58"><counter type="INSTRUCTION" missed="29" covered="0"/><counter type="BRANCH" missed="6" covered="0"/><counter type="LINE" missed="7" covered="0"/><counter type="COMPLEXITY" missed="4" covered="0"/><counter type="METHOD" missed="1" covered="0"/></method><method name="getExtendsService" desc="()Lnet/morimekta/providence/reflect/contained/CService;" line="71"><counter type="INSTRUCTION" missed="4" covered="0"/><counter type="LINE" missed="1" covered="0"/><counter type="COMPLEXITY" missed="1" covered="0"/><counter type="METHOD" missed="1" covered="0"/></method><method name="getAnnotations" desc="()Ljava/util/Set;" line="78"><counter type="INSTRUCTION" missed="9" covered="0"/><counter type="BRANCH" missed="2" covered="0"/><counter type="LINE" missed="3" covered="0"/><counter type="COMPLEXITY" missed="2" covered="0"/><counter type="METHOD" missed="1" covered="0"/></method><method name="hasAnnotation" desc="(Ljava/lang/String;)Z" line="86"><counter type="INSTRUCTION" missed="10" covered="0"/><counter type="BRANCH" missed="2" covered="0"/><counter type="LINE" missed="3" covered="0"/><counter type="COMPLEXITY" missed="2" covered="0"/><counter type="METHOD" missed="1" covered="0"/></method><method name="getAnnotationValue" desc="(Ljava/lang/String;)Ljava/lang/String;" line="94"><counter type="INSTRUCTION" missed="11" covered="0"/><counter type="BRANCH" missed="2" covered="0"/><counter type="LINE" missed="3" covered="0"/><counter type="COMPLEXITY" missed="2" covered="0"/><counter type="METHOD" missed="1" covered="0"/></method><method name="getDocumentation" desc="()Ljava/lang/String;" line="102"><counter type="INSTRUCTION" missed="3" covered="0"/><counter type="LINE" missed="1" covered="0"/><counter type="COMPLEXITY" missed="1" covered="0"/><counter type="METHOD" missed="1" covered="0"/></method><counter type="INSTRUCTION" missed="69" covered="13"/><counter type="BRANCH" missed="12" covered="0"/><counter type="LINE" missed="19" covered="4"/><counter type="COMPLEXITY" missed="13" covered="1"/><counter type="METHOD" missed="7" covered="1"/><counter type="CLASS" missed="0" covered="1"/></class><class name="net/morimekta/providence/reflect/contained/CExceptionDescriptor"><method name="&lt;init&gt;" desc="(Ljava/lang/String;Ljava/lang/String;Ljava/lang/String;Ljava/util/List;Ljava/util/Map;)V" line="48"><counter type="INSTRUCTION" missed="0" covered="67"/><counter type="BRANCH" missed="0" covered="2"/><counter type="LINE" missed="0" covered="14"/><counter type="COMPLEXITY" missed="0" covered="2"/><counter type="METHOD" missed="0" covered="1"/></method><method name="getDocumentation" desc="()Ljava/lang/String;" line="70"><counter type="INSTRUCTION" missed="0" covered="3"/><counter type="LINE" missed="0" covered="1"/><counter type="COMPLEXITY" missed="0" covered="1"/><counter type="METHOD" missed="0" covered="1"/></method><method name="getFields" desc="()[Lnet/morimekta/providence/reflect/contained/CField;" line="76"><counter type="INSTRUCTION" missed="0" covered="8"/><counter type="LINE" missed="0" covered="1"/><counter type="COMPLEXITY" missed="0" covered="1"/><counter type="METHOD" missed="0" covered="1"/></method><method name="findFieldByName" desc="(Ljava/lang/String;)Lnet/morimekta/providence/reflect/contained/CField;" line="81"><counter type="INSTRUCTION" missed="0" covered="6"/><counter type="LINE" missed="0" covered="1"/><counter type="COMPLEXITY" missed="0" covered="1"/><counter type="METHOD" missed="0" covered="1"/></method><method name="findFieldById" desc="(I)Lnet/morimekta/providence/reflect/contained/CField;" line="86"><counter type="INSTRUCTION" missed="0" covered="7"/><counter type="LINE" missed="0" covered="1"/><counter type="COMPLEXITY" missed="0" covered="1"/><counter type="METHOD" missed="0" covered="1"/></method><method name="getAnnotations" desc="()Ljava/util/Set;" line="93"><counter type="INSTRUCTION" missed="4" covered="5"/><counter type="BRANCH" missed="1" covered="1"/><counter type="LINE" missed="1" covered="2"/><counter type="COMPLEXITY" missed="1" covered="1"/><counter type="METHOD" missed="0" covered="1"/></method><method name="hasAnnotation" desc="(Ljava/lang/String;)Z" line="101"><counter type="INSTRUCTION" missed="5" covered="5"/><counter type="BRANCH" missed="1" covered="1"/><counter type="LINE" missed="1" covered="2"/><counter type="COMPLEXITY" missed="1" covered="1"/><counter type="METHOD" missed="0" covered="1"/></method><method name="getAnnotationValue" desc="(Ljava/lang/String;)Ljava/lang/String;" line="109"><counter type="INSTRUCTION" missed="6" covered="5"/><counter type="BRANCH" missed="1" covered="1"/><counter type="LINE" missed="1" covered="2"/><counter type="COMPLEXITY" missed="1" covered="1"/><counter type="METHOD" missed="0" covered="1"/></method><method name="isSimple" desc="()Z" line="117"><counter type="INSTRUCTION" missed="2" covered="25"/><counter type="BRANCH" missed="1" covered="3"/><counter type="LINE" missed="1" covered="3"/><counter type="COMPLEXITY" missed="1" covered="2"/><counter type="METHOD" missed="0" covered="1"/></method><counter type="INSTRUCTION" missed="17" covered="131"/><counter type="BRANCH" missed="4" covered="8"/><counter type="LINE" missed="4" covered="27"/><counter type="COMPLEXITY" missed="4" covered="11"/><counter type="METHOD" missed="0" covered="9"/><counter type="CLASS" missed="0" covered="1"/></class><class name="net/morimekta/providence/reflect/contained/CUnion$1"><method name="&lt;clinit&gt;" desc="()V" line="66"><counter type="INSTRUCTION" missed="44" covered="0"/><counter type="LINE" missed="2" covered="0"/><counter type="COMPLEXITY" missed="1" covered="0"/><counter type="METHOD" missed="1" covered="0"/></method><counter type="INSTRUCTION" missed="44" covered="0"/><counter type="LINE" missed="2" covered="0"/><counter type="COMPLEXITY" missed="1" covered="0"/><counter type="METHOD" missed="1" covered="0"/><counter type="CLASS" missed="1" covered="0"/></class><class name="net/morimekta/providence/reflect/contained/CMessage$1"><method name="&lt;clinit&gt;" desc="()V" line="62"><counter type="INSTRUCTION" missed="3" covered="23"/><counter type="LINE" missed="0" covered="1"/><counter type="COMPLEXITY" missed="0" covered="1"/><counter type="METHOD" missed="0" covered="1"/></method><counter type="INSTRUCTION" missed="3" covered="23"/><counter type="LINE" missed="0" covered="1"/><counter type="COMPLEXITY" missed="0" covered="1"/><counter type="METHOD" missed="0" covered="1"/><counter type="CLASS" missed="0" covered="1"/></class><class name="net/morimekta/providence/reflect/contained/CUnionDescriptor$_Factory"><method name="&lt;init&gt;" desc="()V" line="135"><counter type="INSTRUCTION" missed="0" covered="3"/><counter type="LINE" missed="0" covered="1"/><counter type="COMPLEXITY" missed="0" covered="1"/><counter type="METHOD" missed="0" covered="1"/></method><method name="setType" desc="(Lnet/morimekta/providence/reflect/contained/CUnionDescriptor;)V" line="139"><counter type="INSTRUCTION" missed="0" covered="4"/><counter type="LINE" missed="0" covered="2"/><counter type="COMPLEXITY" missed="0" covered="1"/><counter type="METHOD" missed="0" covered="1"/></method><method name="get" desc="()Lnet/morimekta/providence/PMessageBuilder;" line="145"><counter type="INSTRUCTION" missed="6" covered="0"/><counter type="LINE" missed="1" covered="0"/><counter type="COMPLEXITY" missed="1" covered="0"/><counter type="METHOD" missed="1" covered="0"/></method><counter type="INSTRUCTION" missed="6" covered="7"/><counter type="LINE" missed="1" covered="3"/><counter type="COMPLEXITY" missed="1" covered="2"/><counter type="METHOD" missed="1" covered="2"/><counter type="CLASS" missed="0" covered="1"/></class><class name="net/morimekta/providence/reflect/contained/CStruct"><method name="&lt;init&gt;" desc="(Lnet/morimekta/providence/reflect/contained/CStruct$Builder;)V" line="47"><counter type="INSTRUCTION" missed="0" covered="11"/><counter type="LINE" missed="0" covered="4"/><counter type="COMPLEXITY" missed="0" covered="1"/><counter type="METHOD" missed="0" covered="1"/></method><method name="values" desc="()Ljava/util/Map;" line="53"><counter type="INSTRUCTION" missed="0" covered="3"/><counter type="LINE" missed="0" covered="1"/><counter type="COMPLEXITY" missed="0" covered="1"/><counter type="METHOD" missed="0" covered="1"/></method><method name="jsonCompact" desc="()Z" line="58"><counter type="INSTRUCTION" missed="42" covered="0"/><counter type="BRANCH" missed="8" covered="0"/><counter type="LINE" missed="10" covered="0"/><counter type="COMPLEXITY" missed="5" covered="0"/><counter type="METHOD" missed="1" covered="0"/></method><method name="equals" desc="(Ljava/lang/Object;)Z" line="77"><counter type="INSTRUCTION" missed="0" covered="17"/><counter type="BRANCH" missed="3" covered="5"/><counter type="LINE" missed="0" covered="2"/><counter type="COMPLEXITY" missed="3" covered="2"/><counter type="METHOD" missed="0" covered="1"/></method><method name="hashCode" desc="()I" line="84"><counter type="INSTRUCTION" missed="3" covered="0"/><counter type="LINE" missed="1" covered="0"/><counter type="COMPLEXITY" missed="1" covered="0"/><counter type="METHOD" missed="1" covered="0"/></method><method name="toString" desc="()Ljava/lang/String;" line="89"><counter type="INSTRUCTION" missed="0" covered="12"/><counter type="LINE" missed="0" covered="1"/><counter type="COMPLEXITY" missed="0" covered="1"/><counter type="METHOD" missed="0" covered="1"/></method><method name="mutate" desc="()Lnet/morimekta/providence/PMessageBuilder;" line="95"><counter type="INSTRUCTION" missed="0" covered="8"/><counter type="LINE" missed="0" covered="1"/><counter type="COMPLEXITY" missed="0" covered="1"/><counter type="METHOD" missed="0" covered="1"/></method><method name="descriptor" desc="()Lnet/morimekta/providence/reflect/contained/CStructDescriptor;" line="101"><counter type="INSTRUCTION" missed="0" covered="3"/><counter type="LINE" missed="0" covered="1"/><counter type="COMPLEXITY" missed="0" covered="1"/><counter type="METHOD" missed="0" covered="1"/></method><method name="equals" desc="(Lnet/morimekta/providence/PMessage;Lnet/morimekta/providence/PMessage;)Z" line="125"><counter type="INSTRUCTION" missed="2" covered="60"/><counter type="BRANCH" missed="2" covered="8"/><counter type="LINE" missed="1" covered="14"/><counter type="COMPLEXITY" missed="2" covered="4"/><counter type="METHOD" missed="0" covered="1"/></method><method name="hashCode" desc="(Lnet/morimekta/providence/reflect/contained/CMessage;)I" line="148"><counter type="INSTRUCTION" missed="0" covered="45"/><counter type="BRANCH" missed="0" covered="2"/><counter type="LINE" missed="0" covered="5"/><counter type="COMPLEXITY" missed="0" covered="2"/><counter type="METHOD" missed="0" covered="1"/></method><method name="asString" desc="(Lnet/morimekta/providence/PMessage;)Ljava/lang/String;" line="164"><counter type="INSTRUCTION" missed="0" covered="16"/><counter type="LINE" missed="0" covered="3"/><counter type="COMPLEXITY" missed="0" covered="1"/><counter type="METHOD" missed="0" covered="1"/></method><method name="compare" desc="(Ljava/lang/Comparable;Ljava/lang/Comparable;)I" line="179"><counter type="INSTRUCTION" missed="21" covered="11"/><counter type="BRANCH" missed="9" covered="3"/><counter type="LINE" missed="2" covered="3"/><counter type="COMPLEXITY" missed="6" covered="1"/><counter type="METHOD" missed="0" covered="1"/></method><method name="compareMessages" desc="(Lnet/morimekta/providence/PMessage;Lnet/morimekta/providence/PMessage;)I" line="189"><counter type="INSTRUCTION" missed="4" covered="63"/><counter type="BRANCH" missed="2" covered="8"/><counter type="LINE" missed="2" covered="14"/><counter type="COMPLEXITY" missed="2" covered="4"/><counter type="METHOD" missed="0" covered="1"/></method><method name="&lt;clinit&gt;" desc="()V" line="42"><counter type="INSTRUCTION" missed="0" covered="6"/><counter type="LINE" missed="0" covered="1"/><counter type="COMPLEXITY" missed="0" covered="1"/><counter type="METHOD" missed="0" covered="1"/></method><counter type="INSTRUCTION" missed="72" covered="255"/><counter type="BRANCH" missed="24" covered="26"/><counter type="LINE" missed="16" covered="50"/><counter type="COMPLEXITY" missed="19" covered="20"/><counter type="METHOD" missed="2" covered="12"/><counter type="CLASS" missed="0" covered="1"/></class><class name="net/morimekta/providence/reflect/contained/CExceptionDescriptor$1"><method name="&lt;clinit&gt;" desc="()V" line="118"><counter type="INSTRUCTION" missed="4" covered="29"/><counter type="LINE" missed="0" covered="1"/><counter type="COMPLEXITY" missed="0" covered="1"/><counter type="METHOD" missed="0" covered="1"/></method><counter type="INSTRUCTION" missed="4" covered="29"/><counter type="LINE" missed="0" covered="1"/><counter type="COMPLEXITY" missed="0" covered="1"/><counter type="METHOD" missed="0" covered="1"/><counter type="CLASS" missed="0" covered="1"/></class><class name="net/morimekta/providence/reflect/contained/CEnumValue$Builder"><method name="&lt;init&gt;" desc="(Lnet/morimekta/providence/reflect/contained/CEnumDescriptor;)V" line="136"><counter type="INSTRUCTION" missed="0" covered="9"/><counter type="LINE" missed="0" covered="4"/><counter type="COMPLEXITY" missed="0" covered="1"/><counter type="METHOD" missed="0" covered="1"/></method><method name="build" desc="()Lnet/morimekta/providence/reflect/contained/CEnumValue;" line="144"><counter type="INSTRUCTION" missed="0" covered="3"/><counter type="LINE" missed="0" covered="1"/><counter type="COMPLEXITY" missed="0" covered="1"/><counter type="METHOD" missed="0" covered="1"/></method><method name="valid" desc="()Z" line="149"><counter type="INSTRUCTION" missed="0" covered="7"/><counter type="BRANCH" missed="0" covered="2"/><counter type="LINE" missed="0" covered="1"/><counter type="COMPLEXITY" missed="0" covered="2"/><counter type="METHOD" missed="0" covered="1"/></method><method name="setById" desc="(I)Lnet/morimekta/providence/reflect/contained/CEnumValue$Builder;" line="155"><counter type="INSTRUCTION" missed="0" covered="8"/><counter type="LINE" missed="0" covered="2"/><counter type="COMPLEXITY" missed="0" covered="1"/><counter type="METHOD" missed="0" covered="1"/></method><method name="setByName" desc="(Ljava/lang/String;)Lnet/morimekta/providence/reflect/contained/CEnumValue$Builder;" line="162"><counter type="INSTRUCTION" missed="0" covered="8"/><counter type="LINE" missed="0" covered="2"/><counter type="COMPLEXITY" missed="0" covered="1"/><counter type="METHOD" missed="0" covered="1"/></method><counter type="INSTRUCTION" missed="0" covered="35"/><counter type="BRANCH" missed="0" covered="2"/><counter type="LINE" missed="0" covered="10"/><counter type="COMPLEXITY" missed="0" covered="6"/><counter type="METHOD" missed="0" covered="5"/><counter type="CLASS" missed="0" covered="1"/></class><class name="net/morimekta/providence/reflect/contained/CExceptionDescriptor$_Factory"><method name="&lt;init&gt;" desc="()V" line="131"><counter type="INSTRUCTION" missed="0" covered="3"/><counter type="LINE" missed="0" covered="1"/><counter type="COMPLEXITY" missed="0" covered="1"/><counter type="METHOD" missed="0" covered="1"/></method><method name="setType" desc="(Lnet/morimekta/providence/reflect/contained/CExceptionDescriptor;)V" line="135"><counter type="INSTRUCTION" missed="0" covered="4"/><counter type="LINE" missed="0" covered="2"/><counter type="COMPLEXITY" missed="0" covered="1"/><counter type="METHOD" missed="0" covered="1"/></method><method name="get" desc="()Lnet/morimekta/providence/PMessageBuilder;" line="141"><counter type="INSTRUCTION" missed="6" covered="0"/><counter type="LINE" missed="1" covered="0"/><counter type="COMPLEXITY" missed="1" covered="0"/><counter type="METHOD" missed="1" covered="0"/></method><counter type="INSTRUCTION" missed="6" covered="7"/><counter type="LINE" missed="1" covered="3"/><counter type="COMPLEXITY" missed="1" covered="2"/><counter type="METHOD" missed="1" covered="2"/><counter type="CLASS" missed="0" covered="1"/></class><class name="net/morimekta/providence/reflect/contained/CMessageBuilder"><method name="&lt;init&gt;" desc="()V" line="39"><counter type="INSTRUCTION" missed="0" covered="13"/><counter type="LINE" missed="0" covered="4"/><counter type="COMPLEXITY" missed="0" covered="1"/><counter type="METHOD" missed="0" covered="1"/></method><method name="merge" desc="(Lnet/morimekta/providence/PMessage;)Lnet/morimekta/providence/reflect/contained/CMessageBuilder;" line="48"><counter type="INSTRUCTION" missed="0" covered="124"/><counter type="BRANCH" missed="0" covered="14"/><counter type="LINE" missed="0" covered="19"/><counter type="COMPLEXITY" missed="0" covered="9"/><counter type="METHOD" missed="0" covered="1"/></method><method name="mutator" desc="(I)Lnet/morimekta/providence/PMessageBuilder;" line="88"><counter type="INSTRUCTION" missed="43" covered="60"/><counter type="BRANCH" missed="3" covered="7"/><counter type="LINE" missed="3" covered="13"/><counter type="COMPLEXITY" missed="3" covered="3"/><counter type="METHOD" missed="0" covered="1"/></method><method name="valid" desc="()Z" line="113"><counter type="INSTRUCTION" missed="34" covered="0"/><counter type="BRANCH" missed="6" covered="0"/><counter type="LINE" missed="5" covered="0"/><counter type="COMPLEXITY" missed="4" covered="0"/><counter type="METHOD" missed="1" covered="0"/></method><method name="validate" desc="()V" line="126"><counter type="INSTRUCTION" missed="63" covered="0"/><counter type="BRANCH" missed="8" covered="0"/><counter type="LINE" missed="10" covered="0"/><counter type="COMPLEXITY" missed="5" covered="0"/><counter type="METHOD" missed="1" covered="0"/></method><method name="set" desc="(ILjava/lang/Object;)Lnet/morimekta/providence/reflect/contained/CMessageBuilder;" line="147"><counter type="INSTRUCTION" missed="0" covered="74"/><counter type="BRANCH" missed="0" covered="8"/><counter type="LINE" missed="0" covered="15"/><counter type="COMPLEXITY" missed="0" covered="6"/><counter type="METHOD" missed="0" covered="1"/></method><method name="isSet" desc="(I)Z" line="179"><counter type="INSTRUCTION" missed="0" covered="6"/><counter type="LINE" missed="0" covered="1"/><counter type="COMPLEXITY" missed="0" covered="1"/><counter type="METHOD" missed="0" covered="1"/></method><method name="isModified" desc="(I)Z" line="184"><counter type="INSTRUCTION" missed="6" covered="0"/><counter type="LINE" missed="1" covered="0"/><counter type="COMPLEXITY" missed="1" covered="0"/><counter type="METHOD" missed="1" covered="0"/></method><method name="addTo" desc="(ILjava/lang/Object;)Lnet/morimekta/providence/reflect/contained/CMessageBuilder;" line="191"><counter type="INSTRUCTION" missed="109" covered="0"/><counter type="BRANCH" missed="12" covered="0"/><counter type="LINE" missed="22" covered="0"/><counter type="COMPLEXITY" missed="7" covered="0"/><counter type="METHOD" missed="1" covered="0"/></method><method name="clear" desc="(I)Lnet/morimekta/providence/reflect/contained/CMessageBuilder;" line="225"><counter type="INSTRUCTION" missed="0" covered="14"/><counter type="LINE" missed="0" covered="3"/><counter type="COMPLEXITY" missed="0" covered="1"/><counter type="METHOD" missed="0" covered="1"/></method><method name="getValueMap" desc="()Ljava/util/Map;" line="232"><counter type="INSTRUCTION" missed="34" covered="153"/><counter type="BRANCH" missed="3" covered="18"/><counter type="LINE" missed="5" covered="27"/><counter type="COMPLEXITY" missed="3" covered="10"/><counter type="METHOD" missed="0" covered="1"/></method><method name="toString" desc="()Ljava/lang/String;" line="289"><counter type="INSTRUCTION" missed="13" covered="0"/><counter type="LINE" missed="4" covered="0"/><counter type="COMPLEXITY" missed="1" covered="0"/><counter type="METHOD" missed="1" covered="0"/></method><counter type="INSTRUCTION" missed="302" covered="444"/><counter type="BRANCH" missed="32" covered="47"/><counter type="LINE" missed="50" covered="82"/><counter type="COMPLEXITY" missed="24" covered="31"/><counter type="METHOD" missed="5" covered="7"/><counter type="CLASS" missed="0" covered="1"/></class><class name="net/morimekta/providence/reflect/contained/CProgram"><method name="&lt;init&gt;" desc="(Ljava/lang/String;Ljava/lang/String;Ljava/util/Map;Ljava/util/Collection;Ljava/util/Collection;Ljava/util/Map;Ljava/util/Collection;Ljava/util/Collection;Ljava/util/Collection;)V" line="58"><counter type="INSTRUCTION" missed="0" covered="65"/><counter type="BRANCH" missed="0" covered="14"/><counter type="LINE" missed="0" covered="11"/><counter type="COMPLEXITY" missed="0" covered="8"/><counter type="METHOD" missed="0" covered="1"/></method><method name="getDocumentation" desc="()Ljava/lang/String;" line="71"><counter type="INSTRUCTION" missed="0" covered="3"/><counter type="LINE" missed="0" covered="1"/><counter type="COMPLEXITY" missed="0" covered="1"/><counter type="METHOD" missed="0" covered="1"/></method><method name="getProgramName" desc="()Ljava/lang/String;" line="75"><counter type="INSTRUCTION" missed="0" covered="3"/><counter type="LINE" missed="0" covered="1"/><counter type="COMPLEXITY" missed="0" covered="1"/><counter type="METHOD" missed="0" covered="1"/></method><method name="getIncludedPrograms" desc="()Ljava/util/Set;" line="79"><counter type="INSTRUCTION" missed="0" covered="3"/><counter type="LINE" missed="0" covered="1"/><counter type="COMPLEXITY" missed="0" covered="1"/><counter type="METHOD" missed="0" covered="1"/></method><method name="getIncludedFiles" desc="()Ljava/util/List;" line="83"><counter type="INSTRUCTION" missed="0" covered="3"/><counter type="LINE" missed="0" covered="1"/><counter type="COMPLEXITY" missed="0" covered="1"/><counter type="METHOD" missed="0" covered="1"/></method><method name="getNamespaces" desc="()Ljava/util/Map;" line="87"><counter type="INSTRUCTION" missed="0" covered="3"/><counter type="LINE" missed="0" covered="1"/><counter type="COMPLEXITY" missed="0" covered="1"/><counter type="METHOD" missed="0" covered="1"/></method><method name="getTypedefs" desc="()Ljava/util/Map;" line="91"><counter type="INSTRUCTION" missed="0" covered="3"/><counter type="LINE" missed="0" covered="1"/><counter type="COMPLEXITY" missed="0" covered="1"/><counter type="METHOD" missed="0" covered="1"/></method><method name="getDeclaredTypes" desc="()Ljava/util/List;" line="95"><counter type="INSTRUCTION" missed="0" covered="3"/><counter type="LINE" missed="0" covered="1"/><counter type="COMPLEXITY" missed="0" covered="1"/><counter type="METHOD" missed="0" covered="1"/></method><method name="getServices" desc="()Ljava/util/List;" line="99"><counter type="INSTRUCTION" missed="0" covered="3"/><counter type="LINE" missed="0" covered="1"/><counter type="COMPLEXITY" missed="0" covered="1"/><counter type="METHOD" missed="0" covered="1"/></method><method name="getConstants" desc="()Ljava/util/List;" line="103"><counter type="INSTRUCTION" missed="0" covered="3"/><counter type="LINE" missed="0" covered="1"/><counter type="COMPLEXITY" missed="0" covered="1"/><counter type="METHOD" missed="0" covered="1"/></method><method name="getNamespaceForLanguage" desc="(Ljava/lang/String;)Ljava/lang/String;" line="109"><counter type="INSTRUCTION" missed="0" covered="6"/><counter type="LINE" missed="0" covered="1"/><counter type="COMPLEXITY" missed="0" covered="1"/><counter type="METHOD" missed="0" covered="1"/></method><counter type="INSTRUCTION" missed="0" covered="98"/><counter type="BRANCH" missed="0" covered="14"/><counter type="LINE" missed="0" covered="21"/><counter type="COMPLEXITY" missed="0" covered="18"/><counter type="METHOD" missed="0" covered="11"/><counter type="CLASS" missed="0" covered="1"/></class><class name="net/morimekta/providence/reflect/contained/CUnionDescriptor$1"><method name="&lt;clinit&gt;" desc="()V" line="96"><counter type="INSTRUCTION" missed="33" covered="0"/><counter type="LINE" missed="1" covered="0"/><counter type="COMPLEXITY" missed="1" covered="0"/><counter type="METHOD" missed="1" covered="0"/></method><counter type="INSTRUCTION" missed="33" covered="0"/><counter type="LINE" missed="1" covered="0"/><counter type="COMPLEXITY" missed="1" covered="0"/><counter type="METHOD" missed="1" covered="0"/><counter type="CLASS" missed="1" covered="0"/></class><class name="net/morimekta/providence/reflect/contained/CStructDescriptor"><method name="&lt;init&gt;" desc="(Ljava/lang/String;Ljava/lang/String;Ljava/lang/String;Ljava/util/List;Ljava/util/Map;)V" line="54"><counter type="INSTRUCTION" missed="0" covered="72"/><counter type="BRANCH" missed="0" covered="2"/><counter type="LINE" missed="0" covered="15"/><counter type="COMPLEXITY" missed="0" covered="2"/><counter type="METHOD" missed="0" covered="1"/></method><method name="getDocumentation" desc="()Ljava/lang/String;" line="74"><counter type="INSTRUCTION" missed="3" covered="0"/><counter type="LINE" missed="1" covered="0"/><counter type="COMPLEXITY" missed="1" covered="0"/><counter type="METHOD" missed="1" covered="0"/></method><method name="getFields" desc="()[Lnet/morimekta/providence/reflect/contained/CField;" line="80"><counter type="INSTRUCTION" missed="0" covered="8"/><counter type="LINE" missed="0" covered="1"/><counter type="COMPLEXITY" missed="0" covered="1"/><counter type="METHOD" missed="0" covered="1"/></method><method name="findFieldByName" desc="(Ljava/lang/String;)Lnet/morimekta/providence/reflect/contained/CField;" line="85"><counter type="INSTRUCTION" missed="6" covered="0"/><counter type="LINE" missed="1" covered="0"/><counter type="COMPLEXITY" missed="1" covered="0"/><counter type="METHOD" missed="1" covered="0"/></method><method name="findFieldById" desc="(I)Lnet/morimekta/providence/reflect/contained/CField;" line="90"><counter type="INSTRUCTION" missed="0" covered="7"/><counter type="LINE" missed="0" covered="1"/><counter type="COMPLEXITY" missed="0" covered="1"/><counter type="METHOD" missed="0" covered="1"/></method><method name="getAnnotations" desc="()Ljava/util/Set;" line="97"><counter type="INSTRUCTION" missed="9" covered="0"/><counter type="BRANCH" missed="2" covered="0"/><counter type="LINE" missed="3" covered="0"/><counter type="COMPLEXITY" missed="2" covered="0"/><counter type="METHOD" missed="1" covered="0"/></method><method name="hasAnnotation" desc="(Ljava/lang/String;)Z" line="105"><counter type="INSTRUCTION" missed="10" covered="0"/><counter type="BRANCH" missed="2" covered="0"/><counter type="LINE" missed="3" covered="0"/><counter type="COMPLEXITY" missed="2" covered="0"/><counter type="METHOD" missed="1" covered="0"/></method><method name="getAnnotationValue" desc="(Ljava/lang/String;)Ljava/lang/String;" line="113"><counter type="INSTRUCTION" missed="11" covered="0"/><counter type="BRANCH" missed="2" covered="0"/><counter type="LINE" missed="3" covered="0"/><counter type="COMPLEXITY" missed="2" covered="0"/><counter type="METHOD" missed="1" covered="0"/></method><method name="isSimple" desc="()Z" line="121"><counter type="INSTRUCTION" missed="27" covered="0"/><counter type="BRANCH" missed="4" covered="0"/><counter type="LINE" missed="4" covered="0"/><counter type="COMPLEXITY" missed="3" covered="0"/><counter type="METHOD" missed="1" covered="0"/></method><method name="isJsonCompactible" desc="()Z" line="137"><counter type="INSTRUCTION" missed="3" covered="0"/><counter type="LINE" missed="1" covered="0"/><counter type="COMPLEXITY" missed="1" covered="0"/><counter type="METHOD" missed="1" covered="0"/></method><method name="isCompactCompatible" desc="(Ljava/util/List;Ljava/util/Map;)Z" line="155"><counter type="INSTRUCTION" missed="10" covered="49"/><counter type="BRANCH" missed="6" covered="12"/><counter type="LINE" missed="3" covered="16"/><counter type="COMPLEXITY" missed="5" covered="5"/><counter type="METHOD" missed="0" covered="1"/></method><counter type="INSTRUCTION" missed="79" covered="136"/><counter type="BRANCH" missed="16" covered="14"/><counter type="LINE" missed="19" covered="33"/><counter type="COMPLEXITY" missed="17" covered="9"/><counter type="METHOD" missed="7" covered="4"/><counter type="CLASS" missed="0" covered="1"/></class><class name="net/morimekta/providence/reflect/contained/CEnumValue"><method name="&lt;init&gt;" desc="(Ljava/lang/String;ILjava/lang/String;Lnet/morimekta/providence/descriptor/PEnumDescriptor;Ljava/util/Map;)V" line="54"><counter type="INSTRUCTION" missed="2" covered="21"/><counter type="BRANCH" missed="1" covered="1"/><counter type="LINE" missed="0" covered="7"/><counter type="COMPLEXITY" missed="1" covered="1"/><counter type="METHOD" missed="0" covered="1"/></method><method name="getDocumentation" desc="()Ljava/lang/String;" line="64"><counter type="INSTRUCTION" missed="0" covered="3"/><counter type="LINE" missed="0" covered="1"/><counter type="COMPLEXITY" missed="0" covered="1"/><counter type="METHOD" missed="0" covered="1"/></method><method name="asInteger" desc="()I" line="69"><counter type="INSTRUCTION" missed="0" covered="3"/><counter type="LINE" missed="0" covered="1"/><counter type="COMPLEXITY" missed="0" covered="1"/><counter type="METHOD" missed="0" covered="1"/></method><method name="asString" desc="()Ljava/lang/String;" line="75"><counter type="INSTRUCTION" missed="0" covered="3"/><counter type="LINE" missed="0" covered="1"/><counter type="COMPLEXITY" missed="0" covered="1"/><counter type="METHOD" missed="0" covered="1"/></method><method name="getAnnotations" desc="()Ljava/util/Set;" line="82"><counter type="INSTRUCTION" missed="0" covered="4"/><counter type="LINE" missed="0" covered="1"/><counter type="COMPLEXITY" missed="0" covered="1"/><counter type="METHOD" missed="0" covered="1"/></method><method name="hasAnnotation" desc="(Ljava/lang/String;)Z" line="87"><counter type="INSTRUCTION" missed="0" covered="5"/><counter type="LINE" missed="0" covered="1"/><counter type="COMPLEXITY" missed="0" covered="1"/><counter type="METHOD" missed="0" covered="1"/></method><method name="getAnnotationValue" desc="(Ljava/lang/String;)Ljava/lang/String;" line="92"><counter type="INSTRUCTION" missed="0" covered="6"/><counter type="LINE" missed="0" covered="1"/><counter type="COMPLEXITY" missed="0" covered="1"/><counter type="METHOD" missed="0" covered="1"/></method><method name="descriptor" desc="()Lnet/morimekta/providence/descriptor/PEnumDescriptor;" line="98"><counter type="INSTRUCTION" missed="0" covered="3"/><counter type="LINE" missed="0" covered="1"/><counter type="COMPLEXITY" missed="0" covered="1"/><counter type="METHOD" missed="0" covered="1"/></method><method name="equals" desc="(Ljava/lang/Object;)Z" line="103"><counter type="INSTRUCTION" missed="7" covered="31"/><counter type="BRANCH" missed="5" covered="7"/><counter type="LINE" missed="0" covered="10"/><counter type="COMPLEXITY" missed="4" covered="3"/><counter type="METHOD" missed="0" covered="1"/></method><method name="hashCode" desc="()I" line="118"><counter type="INSTRUCTION" missed="0" covered="25"/><counter type="LINE" missed="0" covered="3"/><counter type="COMPLEXITY" missed="0" covered="1"/><counter type="METHOD" missed="0" covered="1"/></method><method name="compareTo" desc="(Lnet/morimekta/providence/reflect/contained/CEnumValue;)I" line="125"><counter type="INSTRUCTION" missed="0" covered="6"/><counter type="LINE" missed="0" covered="1"/><counter type="COMPLEXITY" missed="0" covered="1"/><counter type="METHOD" missed="0" covered="1"/></method><method name="toString" desc="()Ljava/lang/String;" line="130"><counter type="INSTRUCTION" missed="0" covered="4"/><counter type="LINE" missed="0" covered="1"/><counter type="COMPLEXITY" missed="0" covered="1"/><counter type="METHOD" missed="0" covered="1"/></method><counter type="INSTRUCTION" missed="9" covered="114"/><counter type="BRANCH" missed="6" covered="8"/><counter type="LINE" missed="0" covered="29"/><counter type="COMPLEXITY" missed="5" covered="14"/><counter type="METHOD" missed="0" covered="12"/><counter type="CLASS" missed="0" covered="1"/></class><class name="net/morimekta/providence/reflect/contained/CServiceMethod"><method name="&lt;init&gt;" desc="(Ljava/lang/String;Ljava/lang/String;ZLnet/morimekta/providence/reflect/contained/CStructDescriptor;Lnet/morimekta/providence/reflect/contained/CUnionDescriptor;Ljava/util/Map;)V" line="48"><counter type="INSTRUCTION" missed="21" covered="0"/><counter type="LINE" missed="8" covered="0"/><counter type="COMPLEXITY" missed="1" covered="0"/><counter type="METHOD" missed="1" covered="0"/></method><method name="getName" desc="()Ljava/lang/String;" line="60"><counter type="INSTRUCTION" missed="3" covered="0"/><counter type="LINE" missed="1" covered="0"/><counter type="COMPLEXITY" missed="1" covered="0"/><counter type="METHOD" missed="1" covered="0"/></method><method name="isOneway" desc="()Z" line="65"><counter type="INSTRUCTION" missed="3" covered="0"/><counter type="LINE" missed="1" covered="0"/><counter type="COMPLEXITY" missed="1" covered="0"/><counter type="METHOD" missed="1" covered="0"/></method><method name="getRequestType" desc="()Lnet/morimekta/providence/reflect/contained/CStructDescriptor;" line="71"><counter type="INSTRUCTION" missed="3" covered="0"/><counter type="LINE" missed="1" covered="0"/><counter type="COMPLEXITY" missed="1" covered="0"/><counter type="METHOD" missed="1" covered="0"/></method><method name="getResponseType" desc="()Lnet/morimekta/providence/reflect/contained/CUnionDescriptor;" line="76"><counter type="INSTRUCTION" missed="3" covered="0"/><counter type="LINE" missed="1" covered="0"/><counter type="COMPLEXITY" missed="1" covered="0"/><counter type="METHOD" missed="1" covered="0"/></method><method name="getAnnotations" desc="()Ljava/util/Set;" line="83"><counter type="INSTRUCTION" missed="9" covered="0"/><counter type="BRANCH" missed="2" covered="0"/><counter type="LINE" missed="3" covered="0"/><counter type="COMPLEXITY" missed="2" covered="0"/><counter type="METHOD" missed="1" covered="0"/></method><method name="hasAnnotation" desc="(Ljava/lang/String;)Z" line="91"><counter type="INSTRUCTION" missed="10" covered="0"/><counter type="BRANCH" missed="2" covered="0"/><counter type="LINE" missed="3" covered="0"/><counter type="COMPLEXITY" missed="2" covered="0"/><counter type="METHOD" missed="1" covered="0"/></method><method name="getAnnotationValue" desc="(Ljava/lang/String;)Ljava/lang/String;" line="99"><counter type="INSTRUCTION" missed="11" covered="0"/><counter type="BRANCH" missed="2" covered="0"/><counter type="LINE" missed="3" covered="0"/><counter type="COMPLEXITY" missed="2" covered="0"/><counter type="METHOD" missed="1" covered="0"/></method><method name="getDocumentation" desc="()Ljava/lang/String;" line="107"><counter type="INSTRUCTION" missed="3" covered="0"/><counter type="LINE" missed="1" covered="0"/><counter type="COMPLEXITY" missed="1" covered="0"/><counter type="METHOD" missed="1" covered="0"/></method><counter type="INSTRUCTION" missed="66" covered="0"/><counter type="BRANCH" missed="6" covered="0"/><counter type="LINE" missed="22" covered="0"/><counter type="COMPLEXITY" missed="12" covered="0"/><counter type="METHOD" missed="9" covered="0"/><counter type="CLASS" missed="1" covered="0"/></class><class name="net/morimekta/providence/reflect/contained/CStructDescriptor$_Factory"><method name="&lt;init&gt;" desc="()V" line="140"><counter type="INSTRUCTION" missed="0" covered="3"/><counter type="LINE" missed="0" covered="1"/><counter type="COMPLEXITY" missed="0" covered="1"/><counter type="METHOD" missed="0" covered="1"/></method><method name="setType" desc="(Lnet/morimekta/providence/reflect/contained/CStructDescriptor;)V" line="144"><counter type="INSTRUCTION" missed="0" covered="4"/><counter type="LINE" missed="0" covered="2"/><counter type="COMPLEXITY" missed="0" covered="1"/><counter type="METHOD" missed="0" covered="1"/></method><method name="get" desc="()Lnet/morimekta/providence/PMessageBuilder;" line="150"><counter type="INSTRUCTION" missed="0" covered="6"/><counter type="LINE" missed="0" covered="1"/><counter type="COMPLEXITY" missed="0" covered="1"/><counter type="METHOD" missed="0" covered="1"/></method><counter type="INSTRUCTION" missed="0" covered="13"/><counter type="LINE" missed="0" covered="4"/><counter type="COMPLEXITY" missed="0" covered="3"/><counter type="METHOD" missed="0" covered="3"/><counter type="CLASS" missed="0" covered="1"/></class><class name="net/morimekta/providence/reflect/contained/CStruct$Builder"><method name="&lt;init&gt;" desc="(Lnet/morimekta/providence/reflect/contained/CStructDescriptor;)V" line="107"><counter type="INSTRUCTION" missed="0" covered="6"/><counter type="LINE" missed="0" covered="3"/><counter type="COMPLEXITY" missed="0" covered="1"/><counter type="METHOD" missed="0" covered="1"/></method><method name="descriptor" desc="()Lnet/morimekta/providence/reflect/contained/CStructDescriptor;" line="114"><counter type="INSTRUCTION" missed="0" covered="3"/><counter type="LINE" missed="0" covered="1"/><counter type="COMPLEXITY" missed="0" covered="1"/><counter type="METHOD" missed="0" covered="1"/></method><method name="build" desc="()Lnet/morimekta/providence/reflect/contained/CStruct;" line="120"><counter type="INSTRUCTION" missed="0" covered="6"/><counter type="LINE" missed="0" covered="1"/><counter type="COMPLEXITY" missed="0" covered="1"/><counter type="METHOD" missed="0" covered="1"/></method><counter type="INSTRUCTION" missed="0" covered="15"/><counter type="LINE" missed="0" covered="5"/><counter type="COMPLEXITY" missed="0" covered="3"/><counter type="METHOD" missed="0" covered="3"/><counter type="CLASS" missed="0" covered="1"/></class><class name="net/morimekta/providence/reflect/contained/CException$Builder"><method name="&lt;init&gt;" desc="(Lnet/morimekta/providence/reflect/contained/CExceptionDescriptor;)V" line="78"><counter type="INSTRUCTION" missed="0" covered="6"/><counter type="LINE" missed="0" covered="3"/><counter type="COMPLEXITY" missed="0" covered="1"/><counter type="METHOD" missed="0" covered="1"/></method><method name="descriptor" desc="()Lnet/morimekta/providence/reflect/contained/CExceptionDescriptor;" line="85"><counter type="INSTRUCTION" missed="0" covered="3"/><counter type="LINE" missed="0" covered="1"/><counter type="COMPLEXITY" missed="0" covered="1"/><counter type="METHOD" missed="0" covered="1"/></method><method name="build" desc="()Lnet/morimekta/providence/reflect/contained/CException;" line="91"><counter type="INSTRUCTION" missed="0" covered="6"/><counter type="LINE" missed="0" covered="1"/><counter type="COMPLEXITY" missed="0" covered="1"/><counter type="METHOD" missed="0" covered="1"/></method><counter type="INSTRUCTION" missed="0" covered="15"/><counter type="LINE" missed="0" covered="5"/><counter type="COMPLEXITY" missed="0" covered="3"/><counter type="METHOD" missed="0" covered="3"/><counter type="CLASS" missed="0" covered="1"/></class><class name="net/morimekta/providence/reflect/contained/CEnumDescriptor"><method name="&lt;init&gt;" desc="(Ljava/lang/String;Ljava/lang/String;Ljava/lang/String;Ljava/util/Map;)V" line="51"><counter type="INSTRUCTION" missed="0" covered="29"/><counter type="BRANCH" missed="0" covered="2"/><counter type="LINE" missed="0" covered="6"/><counter type="COMPLEXITY" missed="0" covered="2"/><counter type="METHOD" missed="0" covered="1"/></method><method name="setValues" desc="(Ljava/util/List;)V" line="59"><counter type="INSTRUCTION" missed="0" covered="25"/><counter type="BRANCH" missed="0" covered="2"/><counter type="LINE" missed="0" covered="5"/><counter type="COMPLEXITY" missed="0" covered="2"/><counter type="METHOD" missed="0" covered="1"/></method><method name="getDocumentation" desc="()Ljava/lang/String;" line="68"><counter type="INSTRUCTION" missed="0" covered="3"/><counter type="LINE" missed="0" covered="1"/><counter type="COMPLEXITY" missed="0" covered="1"/><counter type="METHOD" missed="0" covered="1"/></method><method name="getValues" desc="()[Lnet/morimekta/providence/reflect/contained/CEnumValue;" line="74"><counter type="INSTRUCTION" missed="0" covered="8"/><counter type="LINE" missed="0" covered="1"/><counter type="COMPLEXITY" missed="0" covered="1"/><counter type="METHOD" missed="0" covered="1"/></method><method name="findById" desc="(I)Lnet/morimekta/providence/reflect/contained/CEnumValue;" line="80"><counter type="INSTRUCTION" missed="0" covered="25"/><counter type="BRANCH" missed="0" covered="4"/><counter type="LINE" missed="0" covered="4"/><counter type="COMPLEXITY" missed="0" covered="3"/><counter type="METHOD" missed="0" covered="1"/></method><method name="findByName" desc="(Ljava/lang/String;)Lnet/morimekta/providence/reflect/contained/CEnumValue;" line="91"><counter type="INSTRUCTION" missed="0" covered="26"/><counter type="BRANCH" missed="0" covered="4"/><counter type="LINE" missed="0" covered="5"/><counter type="COMPLEXITY" missed="0" covered="3"/><counter type="METHOD" missed="0" covered="1"/></method><method name="getAnnotations" desc="()Ljava/util/Set;" line="104"><counter type="INSTRUCTION" missed="0" covered="4"/><counter type="LINE" missed="0" covered="1"/><counter type="COMPLEXITY" missed="0" covered="1"/><counter type="METHOD" missed="0" covered="1"/></method><method name="hasAnnotation" desc="(Ljava/lang/String;)Z" line="109"><counter type="INSTRUCTION" missed="0" covered="5"/><counter type="LINE" missed="0" covered="1"/><counter type="COMPLEXITY" missed="0" covered="1"/><counter type="METHOD" missed="0" covered="1"/></method><method name="getAnnotationValue" desc="(Ljava/lang/String;)Ljava/lang/String;" line="114"><counter type="INSTRUCTION" missed="0" covered="6"/><counter type="LINE" missed="0" covered="1"/><counter type="COMPLEXITY" missed="0" covered="1"/><counter type="METHOD" missed="0" covered="1"/></method><counter type="INSTRUCTION" missed="0" covered="131"/><counter type="BRANCH" missed="0" covered="12"/><counter type="LINE" missed="0" covered="25"/><counter type="COMPLEXITY" missed="0" covered="15"/><counter type="METHOD" missed="0" covered="9"/><counter type="CLASS" missed="0" covered="1"/></class><class name="net/morimekta/providence/reflect/contained/CUnion"><method name="&lt;init&gt;" desc="(Lnet/morimekta/providence/reflect/contained/CUnion$Builder;)V" line="57"><counter type="INSTRUCTION" missed="91" covered="0"/><counter type="BRANCH" missed="12" covered="0"/><counter type="LINE" missed="21" covered="0"/><counter type="COMPLEXITY" missed="7" covered="0"/><counter type="METHOD" missed="1" covered="0"/></method><method name="has" desc="(I)Z" line="90"><counter type="INSTRUCTION" missed="15" covered="0"/><counter type="BRANCH" missed="6" covered="0"/><counter type="LINE" missed="1" covered="0"/><counter type="COMPLEXITY" missed="4" covered="0"/><counter type="METHOD" missed="1" covered="0"/></method><method name="num" desc="(I)I" line="95"><counter type="INSTRUCTION" missed="25" covered="0"/><counter type="BRANCH" missed="5" covered="0"/><counter type="LINE" missed="5" covered="0"/><counter type="COMPLEXITY" missed="4" covered="0"/><counter type="METHOD" missed="1" covered="0"/></method><method name="get" desc="(I)Ljava/lang/Object;" line="108"><counter type="INSTRUCTION" missed="9" covered="0"/><counter type="BRANCH" missed="2" covered="0"/><counter type="LINE" missed="1" covered="0"/><counter type="COMPLEXITY" missed="2" covered="0"/><counter type="METHOD" missed="1" covered="0"/></method><method name="mutate" desc="()Lnet/morimekta/providence/PMessageBuilder;" line="114"><counter type="INSTRUCTION" missed="8" covered="0"/><counter type="LINE" missed="1" covered="0"/><counter type="COMPLEXITY" missed="1" covered="0"/><counter type="METHOD" missed="1" covered="0"/></method><method name="asString" desc="()Ljava/lang/String;" line="120"><counter ty
[...]
i="0" mb="0" cb="0"/><line nr="117" mi="3" ci="0" mb="0" cb="0"/><line nr="119" mi="6" ci="0" mb="0" cb="0"/><line nr="120" mi="2" ci="0" mb="2" cb="0"/><line nr="121" mi="2" ci="0" mb="0" cb="0"/><line nr="124" mi="8" ci="0" mb="0" cb="0"/><line nr="125" mi="8" ci="0" mb="0" cb="0"/><line nr="127" mi="4" ci="0" mb="0" cb="0"/><line nr="128" mi="3" ci="0" mb="2" cb="0"/><line nr="129" mi="11" ci="0" mb="2" cb="0"/><line nr="130" mi="8" ci="0" mb="0" cb="0"/><line nr="131" mi="3" ci="0" mb="2" cb="0"/><line nr="132" mi="8" ci="0" mb="4" cb="0"/><line nr="133" mi="19" ci="0" mb="0" cb="0"/><line nr="136" mi="11" ci="0" mb="2" cb="0"/><line nr="137" mi="6" ci="0" mb="0" cb="0"/><line nr="138" mi="3" ci="0" mb="2" cb="0"/><line nr="139" mi="3" ci="0" mb="0" cb="0"/><line nr="140" mi="1" ci="0" mb="0" cb="0"/><line nr="142" mi="1" ci="0" mb="0" cb="0"/><line nr="145" mi="7" ci="0" mb="4" cb="0"/><line nr="146" mi="5" ci="0" mb="0" cb="0"/><line nr="148" mi="1" ci="0" mb="0" cb="0"/><line nr="152" mi="2" ci="0" mb="0" cb="0"/><line nr="154" mi="7" ci="0" mb="0" cb="0"/><line nr="155" mi="10" ci="0" mb="2" cb="0"/><line nr="156" mi="6" ci="0" mb="2" cb="0"/><line nr="157" mi="4" ci="0" mb="0" cb="0"/><line nr="159" mi="1" ci="0" mb="0" cb="0"/><line nr="163" mi="5" ci="0" mb="0" cb="0"/><line nr="164" mi="7" ci="0" mb="0" cb="0"/><line nr="165" mi="2" ci="0" mb="0" cb="0"/><line nr="172" mi="3" ci="0" mb="0" cb="0"/><counter type="INSTRUCTION" missed="249" covered="0"/><counter type="BRANCH" missed="28" covered="0"/><counter type="LINE" missed="50" covered="0"/><counter type="COMPLEXITY" missed="20" covered="0"/><counter type="METHOD" missed="6" covered="0"/><counter type="CLASS" missed="1" covered="0"/></sourcefile><counter type="INSTRUCTION" missed="249" covered="0"/><counter type="BRANCH" missed="28" covered="0"/><counter type="LINE" missed="50" covered="0"/><counter type="COMPLEXITY" missed="20" covered="0"/><counter type="METHOD" missed="6" covered="0"/><counter type="CLASS" missed="1" covered="0"/></package><package name="net/morimekta/providence/reflect/parser/internal"><class name="net/morimekta/providence/reflect/parser/internal/ConstParser$1"><method name="&lt;clinit&gt;" desc="()V" line="177"><counter type="INSTRUCTION" missed="13" covered="83"/><counter type="LINE" missed="0" covered="1"/><counter type="COMPLEXITY" missed="0" covered="1"/><counter type="METHOD" missed="0" covered="1"/></method><counter type="INSTRUCTION" missed="13" covered="83"/><counter type="LINE" missed="0" covered="1"/><counter type="COMPLEXITY" missed="0" covered="1"/><counter type="METHOD" missed="0" covered="1"/><counter type="CLASS" missed="0" covered="1"/></class><class name="net/morimekta/providence/reflect/parser/internal/ThriftTokenizer"><method name="&lt;init&gt;" desc="(Ljava/io/InputStream;)V" line="63"><counter type="INSTRUCTION" missed="0" covered="5"/><counter type="LINE" missed="0" covered="2"/><counter type="COMPLEXITY" missed="0" covered="1"/><counter type="METHOD" missed="0" covered="1"/></method><method name="nextSymbol" desc="(I)Lnet/morimekta/providence/serializer/pretty/Token;" line="67"><counter type="INSTRUCTION" missed="24" covered="33"/><counter type="BRANCH" missed="2" covered="6"/><counter type="LINE" missed="3" covered="9"/><counter type="COMPLEXITY" missed="2" covered="3"/><counter type="METHOD" missed="0" covered="1"/></method><method name="failure" desc="(Ljava/lang/String;[Ljava/lang/Object;)Lnet/morimekta/providence/serializer/pretty/TokenizerException;" line="90"><counter type="INSTRUCTION" missed="0" covered="6"/><counter type="LINE" missed="0" covered="1"/><counter type="COMPLEXITY" missed="0" covered="1"/><counter type="METHOD" missed="0" covered="1"/></method><counter type="INSTRUCTION" missed="24" covered="44"/><counter type="BRANCH" missed="2" covered="6"/><counter type="LINE" missed="3" covered="12"/><counter type="COMPLEXITY" missed="2" covered="5"/><counter type="METHOD" missed="0" covered="3"/><counter type="CLASS" missed="0" covered="1"/></class><class name="net/morimekta/providence/reflect/parser/internal/ConstParser"><method name="&lt;init&gt;" desc="(Lnet/morimekta/providence/util/TypeRegistry;Ljava/lang/String;II)V" line="80"><counter type="INSTRUCTION" missed="0" covered="15"/><counter type="LINE" missed="0" covered="6"/><counter type="COMPLEXITY" missed="0" covered="1"/><counter type="METHOD" missed="0" covered="1"/></method><method name="parse" desc="(Ljava/io/InputStream;Lnet/morimekta/providence/descriptor/PDescriptor;)Ljava/lang/Object;" line="97"><counter type="INSTRUCTION" missed="17" covered="88"/><counter type="BRANCH" missed="3" covered="5"/><counter type="LINE" missed="2" covered="13"/><counter type="COMPLEXITY" missed="3" covered="2"/><counter type="METHOD" missed="0" covered="1"/></method><method name="parseMessage" desc="(Lnet/morimekta/providence/reflect/parser/internal/ThriftTokenizer;Lnet/morimekta/providence/descriptor/PMessageDescriptor;)Lnet/morimekta/providence/PMessage;" line="133"><counter type="INSTRUCTION" missed="16" covered="105"/><counter type="BRANCH" missed="1" covered="13"/><counter type="LINE" missed="1" covered="25"/><counter type="COMPLEXITY" missed="1" covered="7"/><counter type="METHOD" missed="0" covered="1"/></method><method name="parseTypedValue" desc="(Lnet/morimekta/providence/serializer/pretty/Token;Lnet/morimekta/providence/reflect/parser/internal/ThriftTokenizer;Lnet/morimekta/providence/descriptor/PDescriptor;Z)Ljava/lang/Object;" line="177"><counter type="INSTRUCTION" missed="338" covered="317"/><counter type="BRANCH" missed="50" covered="58"/><counter type="LINE" missed="66" covered="69"/><counter type="COMPLEXITY" missed="31" covered="30"/><counter type="METHOD" missed="0" covered="1"/></method><method name="parsePrimitiveKey" desc="(Ljava/lang/String;Lnet/morimekta/providence/serializer/pretty/Token;Lnet/morimekta/providence/reflect/parser/internal/ThriftTokenizer;Lnet/morimekta/providence/descriptor/PDescriptor;)Ljava/lang/Object;" line="387"><counter type="INSTRUCTION" missed="191" covered="0"/><counter type="BRANCH" missed="24" covered="0"/><counter type="LINE" missed="33" covered="0"/><counter type="COMPLEXITY" missed="17" covered="0"/><counter type="METHOD" missed="1" covered="0"/></method><method name="findEnumValue" desc="(Ljava/lang/String;Lnet/morimekta/providence/serializer/pretty/Token;Lnet/morimekta/providence/reflect/parser/internal/ThriftTokenizer;Ljava/lang/String;)I" line="451"><counter type="INSTRUCTION" missed="18" covered="83"/><counter type="BRANCH" missed="3" covered="7"/><counter type="LINE" missed="1" covered="14"/><counter type="COMPLEXITY" missed="3" covered="3"/><counter type="METHOD" missed="0" covered="1"/></method><method name="parseBinary" desc="(Ljava/lang/String;)Lnet/morimekta/util/Binary;" line="484"><counter type="INSTRUCTION" missed="0" covered="3"/><counter type="LINE" missed="0" covered="1"/><counter type="COMPLEXITY" missed="0" covered="1"/><counter type="METHOD" missed="0" covered="1"/></method><method name="lambda$parseMessage$0" desc="(Lnet/morimekta/providence/serializer/pretty/Token;)Z" line="142"><counter type="INSTRUCTION" missed="1" covered="14"/><counter type="BRANCH" missed="1" covered="5"/><counter type="LINE" missed="0" covered="3"/><counter type="COMPLEXITY" missed="1" covered="3"/><counter type="METHOD" missed="0" covered="1"/></method><counter type="INSTRUCTION" missed="581" covered="625"/><counter type="BRANCH" missed="82" covered="88"/><counter type="LINE" missed="103" covered="131"/><counter type="COMPLEXITY" missed="56" covered="47"/><counter type="METHOD" missed="1" covered="7"/><counter type="CLASS" missed="0" covered="1"/></class><sourcefile name="ThriftTokenizer.java"><line nr="63" mi="0" ci="4" mb="0" cb="0"/><line nr="64" mi="0" ci="1" mb="0" cb="0"/><line nr="67" mi="0" ci="3" mb="0" cb="2"/><line nr="68" mi="0" ci="3" mb="0" cb="0"/><line nr="69" mi="0" ci="3" mb="0" cb="0"/><line nr="70" mi="0" ci="3" mb="0" cb="0"/><line nr="72" mi="0" ci="3" mb="0" cb="0"/><line nr="73" mi="0" ci="2" mb="1" cb="1"/><line nr="74" mi="9" ci="0" mb="0" cb="0"/><line nr="77" mi="0" ci="6" mb="1" cb="3"/><line nr="78" mi="0" ci="6" mb="0" cb="0"/><line nr="80" mi="13" ci="0" mb="0" cb="0"/><line nr="82" mi="2" ci="0" mb="0" cb="0"/><line nr="84" mi="0" ci="4" mb="0" cb="0"/><line nr="90" mi="0" ci="6" mb="0" cb="0"/><counter type="INSTRUCTION" missed="24" covered="44"/><counter type="BRANCH" missed="2" covered="6"/><counter type="LINE" missed="3" covered="12"/><counter type="COMPLEXITY" missed="2" covered="5"/><counter type="METHOD" missed="0" covered="3"/><counter type="CLASS" missed="0" covered="1"/></sourcefile><sourcefile name="ConstParser.java"><line nr="80" mi="0" ci="2" mb="0" cb="0"/><line nr="81" mi="0" ci="3" mb="0" cb="0"/><line nr="82" mi="0" ci="3" mb="0" cb="0"/><line nr="83" mi="0" ci="3" mb="0" cb="0"/><line nr="84" mi="0" ci="3" mb="0" cb="0"/><line nr="85" mi="0" ci="1" mb="0" cb="0"/><line nr="97" mi="0" ci="5" mb="0" cb="0"/><line nr="98" mi="0" ci="9" mb="0" cb="0"/><line nr="99" mi="0" ci="1" mb="0" cb="0"/><line nr="101" mi="0" ci="7" mb="2" cb="2"/><line nr="102" mi="0" ci="10" mb="0" cb="0"/><line nr="103" mi="0" ci="4" mb="0" cb="2"/><line nr="104" mi="0" ci="17" mb="0" cb="0"/><line nr="106" mi="0" ci="3" mb="0" cb="0"/><line nr="108" mi="0" ci="14" mb="0" cb="0"/><line nr="109" mi="0" ci="3" mb="0" cb="0"/><line nr="112" mi="0" ci="3" mb="1" cb="1"/><line nr="113" mi="0" ci="10" mb="0" cb="0"/><line nr="115" mi="0" ci="2" mb="0" cb="0"/><line nr="116" mi="1" ci="0" mb="0" cb="0"/><line nr="117" mi="16" ci="0" mb="0" cb="0"/><line nr="133" mi="0" ci="3" mb="0" cb="0"/><line nr="135" mi="0" ci="6" mb="0" cb="2"/><line nr="136" mi="0" ci="3" mb="0" cb="0"/><line nr="137" mi="0" ci="4" mb="0" cb="0"/><line nr="141" mi="0" ci="5" mb="0" cb="0"/><line nr="142" mi="0" ci="6" mb="0" cb="2"/><line nr="143" mi="0" ci="4" mb="0" cb="2"/><line nr="144" mi="1" ci="4" mb="1" cb="1"/><line nr="145" mi="0" ci="4" mb="0" cb="2"/><line nr="146" mi="0" ci="4" mb="0" cb="0"/><line nr="147" mi="0" ci="1" mb="0" cb="0"/><line nr="148" mi="0" ci="4" mb="0" cb="2"/><line nr="149" mi="0" ci="6" mb="0" cb="0"/><line nr="150" mi="0" ci="1" mb="0" cb="0"/><line nr="152" mi="0" ci="6" mb="0" cb="0"/><line nr="153" mi="0" ci="2" mb="1" cb="1"/><line nr="154" mi="16" ci="0" mb="0" cb="0"/><line nr="156" mi="0" ci="10" mb="0" cb="0"/><line nr="158" mi="0" ci="8" mb="0" cb="0"/><line nr="159" mi="0" ci="6" mb="0" cb="0"/><line nr="161" mi="0" ci="4" mb="0" cb="0"/><line nr="162" mi="0" ci="8" mb="0" cb="4"/><line nr="163" mi="0" ci="3" mb="0" cb="0"/><line nr="164" mi="0" ci="4" mb="0" cb="0"/><line nr="166" mi="0" ci="4" mb="0" cb="2"/><line nr="167" mi="0" ci="3" mb="0" cb="0"/><line nr="168" mi="0" ci="1" mb="0" cb="0"/><line nr="170" mi="0" ci="1" mb="0" cb="0"/><line nr="172" mi="0" ci="4" mb="0" cb="0"/><line nr="177" mi="13" ci="89" mb="3" cb="11"/><line nr="179" mi="0" ci="3" mb="0" cb="2"/><line nr="180" mi="0" ci="5" mb="0" cb="0"/><line nr="181" mi="0" ci="3" mb="1" cb="1"/><line nr="182" mi="0" ci="10" mb="0" cb="2"/><line nr="184" mi="15" ci="0" mb="0" cb="0"/><line nr="186" mi="0" ci="3" mb="0" cb="2"/><line nr="187" mi="0" ci="6" mb="0" cb="0"/><line nr="189" mi="0" ci="10" mb="0" cb="0"/><line nr="191" mi="0" ci="3" mb="0" cb="2"/><line nr="192" mi="0" ci="6" mb="0" cb="0"/><line nr="194" mi="0" ci="10" mb="0" cb="0"/><line nr="196" mi="0" ci="3" mb="0" cb="2"/><line nr="197" mi="0" ci="5" mb="0" cb="0"/><line nr="199" mi="0" ci="9" mb="0" cb="0"/><line nr="201" mi="0" ci="3" mb="0" cb="2"/><line nr="202" mi="0" ci="4" mb="0" cb="0"/><line nr="204" mi="0" ci="10" mb="0" cb="0"/><line nr="206" mi="0" ci="6" mb="1" cb="3"/><line nr="207" mi="0" ci="4" mb="0" cb="0"/><line nr="209" mi="15" ci="0" mb="0" cb="0"/><line nr="211" mi="0" ci="3" mb="0" cb="2"/><line nr="212" mi="0" ci="4" mb="0" cb="0"/><line nr="213" mi="0" ci="7" mb="1" cb="3"/><line nr="214" mi="0" ci="2" mb="0" cb="0"/><line nr="216" mi="0" ci="7" mb="0" cb="0"/><line nr="218" mi="0" ci="3" mb="0" cb="2"/><line nr="219" mi="0" ci="7" mb="0" cb="0"/><line nr="220" mi="0" ci="1" mb="0" cb="0"/><line nr="221" mi="0" ci="7" mb="2" cb="2"/><line nr="222" mi="0" ci="2" mb="0" cb="0"/><line nr="224" mi="7" ci="0" mb="0" cb="0"/><line nr="226" mi="0" ci="4" mb="0" cb="0"/><line nr="227" mi="0" ci="3" mb="0" cb="0"/><line nr="228" mi="0" ci="5" mb="0" cb="2"/><line nr="229" mi="0" ci="6" mb="0" cb="0"/><line nr="230" mi="0" ci="3" mb="0" cb="0"/><line nr="231" mi="0" ci="5" mb="0" cb="2"/><line nr="232" mi="0" ci="5" mb="0" cb="0"/><line nr="233" mi="0" ci="3" mb="0" cb="0"/><line nr="235" mi="0" ci="5" mb="0" cb="0"/><line nr="236" mi="0" ci="2" mb="0" cb="2"/><line nr="237" mi="0" ci="7" mb="1" cb="3"/><line nr="238" mi="0" ci="2" mb="0" cb="0"/><line nr="240" mi="0" ci="17" mb="0" cb="0"/><line nr="242" mi="0" ci="2" mb="0" cb="0"/><line nr="245" mi="0" ci="4" mb="1" cb="1"/><line nr="246" mi="0" ci="6" mb="0" cb="0"/><line nr="247" mi="7" ci="0" mb="4" cb="0"/><line nr="249" mi="2" ci="0" mb="0" cb="0"/><line nr="251" mi="7" ci="0" mb="0" cb="0"/><line nr="254" mi="0" ci="4" mb="0" cb="0"/><line nr="255" mi="0" ci="4" mb="0" cb="0"/><line nr="257" mi="0" ci="4" mb="1" cb="1"/><line nr="258" mi="15" ci="0" mb="0" cb="0"/><line nr="261" mi="0" ci="4" mb="0" cb="0"/><line nr="262" mi="0" ci="2" mb="0" cb="2"/><line nr="263" mi="0" ci="3" mb="0" cb="0"/><line nr="264" mi="0" ci="2" mb="0" cb="0"/><line nr="268" mi="0" ci="4" mb="0" cb="0"/><line nr="269" mi="0" ci="4" mb="0" cb="2"/><line nr="270" mi="0" ci="4" mb="0" cb="0"/><line nr="271" mi="0" ci="1" mb="0" cb="0"/><line nr="272" mi="0" ci="4" mb="0" cb="2"/><line nr="273" mi="0" ci="6" mb="0" cb="0"/><line nr="274" mi="0" ci="1" mb="0" cb="0"/><line nr="276" mi="0" ci="9" mb="0" cb="0"/><line nr="278" mi="0" ci="4" mb="0" cb="0"/><line nr="279" mi="0" ci="8" mb="1" cb="3"/><line nr="280" mi="0" ci="3" mb="0" cb="0"/><line nr="281" mi="0" ci="4" mb="0" cb="0"/><line nr="283" mi="0" ci="4" mb="0" cb="2"/><line nr="284" mi="0" ci="3" mb="0" cb="0"/><line nr="285" mi="0" ci="1" mb="0" cb="0"/><line nr="287" mi="0" ci="1" mb="0" cb="0"/><line nr="289" mi="0" ci="2" mb="0" cb="0"/><line nr="292" mi="4" ci="0" mb="0" cb="0"/><line nr="293" mi="4" ci="0" mb="0" cb="0"/><line nr="295" mi="4" ci="0" mb="2" cb="0"/><line nr="296" mi="15" ci="0" mb="0" cb="0"/><line nr="299" mi="4" ci="0" mb="0" cb="0"/><line nr="300" mi="2" ci="0" mb="2" cb="0"/><line nr="301" mi="3" ci="0" mb="0" cb="0"/><line nr="302" mi="2" ci="0" mb="0" cb="0"/><line nr="306" mi="4" ci="0" mb="0" cb="0"/><line nr="307" mi="4" ci="0" mb="2" cb="0"/><line nr="308" mi="4" ci="0" mb="0" cb="0"/><line nr="309" mi="1" ci="0" mb="0" cb="0"/><line nr="310" mi="4" ci="0" mb="2" cb="0"/><line nr="311" mi="6" ci="0" mb="0" cb="0"/><line nr="312" mi="1" ci="0" mb="0" cb="0"/><line nr="314" mi="9" ci="0" mb="0" cb="0"/><line nr="316" mi="4" ci="0" mb="0" cb="0"/><line nr="317" mi="8" ci="0" mb="4" cb="0"/><line nr="318" mi="3" ci="0" mb="0" cb="0"/><line nr="319" mi="4" ci="0" mb="0" cb="0"/><line nr="321" mi="4" ci="0" mb="2" cb="0"/><line nr="322" mi="3" ci="0" mb="0" cb="0"/><line nr="323" mi="1" ci="0" mb="0" cb="0"/><line nr="325" mi="1" ci="0" mb="0" cb="0"/><line nr="326" mi="2" ci="0" mb="0" cb="0"/><line nr="329" mi="4" ci="0" mb="0" cb="0"/><line nr="330" mi="4" ci="0" mb="0" cb="0"/><line nr="332" mi="4" ci="0" mb="0" cb="0"/><line nr="334" mi="4" ci="0" mb="2" cb="0"/><line nr="335" mi="15" ci="0" mb="0" cb="0"/><line nr="338" mi="4" ci="0" mb="0" cb="0"/><line nr="339" mi="2" ci="0" mb="2" cb="0"/><line nr="340" mi="3" ci="0" mb="0" cb="0"/><line nr="341" mi="2" ci="0" mb="0" cb="0"/><line nr="345" mi="4" ci="0" mb="0" cb="0"/><line nr="346" mi="4" ci="0" mb="2" cb="0"/><line nr="347" mi="4" ci="0" mb="0" cb="0"/><line nr="348" mi="1" ci="0" mb="0" cb="0"/><line nr="349" mi="4" ci="0" mb="2" cb="0"/><line nr="350" mi="6" ci="0" mb="0" cb="0"/><line nr="351" mi="1" ci="0" mb="0" cb="0"/><line nr="355" mi="3" ci="0" mb="2" cb="0"/><line nr="356" mi="10" ci="0" mb="0" cb="0"/><line nr="358" mi="6" ci="0" mb="2" cb="0"/><line nr="359" mi="4" ci="0" mb="2" cb="0"/><line nr="360" mi="7" ci="0" mb="0" cb="0"/><line nr="362" mi="8" ci="0" mb="0" cb="0"/><line nr="364" mi="10" ci="0" mb="0" cb="0"/><line nr="365" mi="12" ci="0" mb="0" cb="0"/><line nr="367" mi="4" ci="0" mb="0" cb="0"/><line nr="368" mi="8" ci="0" mb="4" cb="0"/><line nr="369" mi="3" ci="0" mb="0" cb="0"/><line nr="370" mi="4" ci="0" mb="0" cb="0"/><line nr="372" mi="4" ci="0" mb="2" cb="0"/><line nr="373" mi="3" ci="0" mb="0" cb="0"/><line nr="374" mi="1" ci="0" mb="0" cb="0"/><line nr="376" mi="1" ci="0" mb="0" cb="0"/><line nr="378" mi="2" ci="0" mb="0" cb="0"/><line nr="381" mi="13" ci="0" mb="0" cb="0"/><line nr="387" mi="6" ci="0" mb="10" cb="0"/><line nr="389" mi="4" ci="0" mb="0" cb="0"/><line nr="390" mi="3" ci="0" mb="2" cb="0"/><line nr="391" mi="5" ci="0" mb="0" cb="0"/><line nr="392" mi="1" ci="0" mb="0" cb="0"/><line nr="394" mi="17" ci="0" mb="2" cb="0"/><line nr="396" mi="13" ci="0" mb="0" cb="0"/><line nr="397" mi="12" ci="0" mb="2" cb="0"/><line nr="399" mi="8" ci="0" mb="0" cb="0"/><line nr="401" mi="4" ci="0" mb="0" cb="0"/><line nr="402" mi="1" ci="0" mb="0" cb="0"/><line nr="405" mi="4" ci="0" mb="0" cb="0"/><line nr="407" mi="3" ci="0" mb="2" cb="0"/><line nr="408" mi="4" ci="0" mb="0" cb="0"/><line nr="410" mi="9" ci="0" mb="0" cb="0"/><line nr="413" mi="3" ci="0" mb="2" cb="0"/><line nr="414" mi="4" ci="0" mb="0" cb="0"/><line nr="416" mi="9" ci="0" mb="0" cb="0"/><line nr="419" mi="3" ci="0" mb="2" cb="0"/><line nr="420" mi="4" ci="0" mb="0" cb="0"/><line nr="422" mi="8" ci="0" mb="0" cb="0"/><line nr="425" mi="3" ci="0" mb="2" cb="0"/><line nr="426" mi="4" ci="0" mb="0" cb="0"/><line nr="428" mi="9" ci="0" mb="0" cb="0"/><line nr="432" mi="7" ci="0" mb="0" cb="0"/><line nr="433" mi="5" ci="0" mb="0" cb="0"/><line nr="434" mi="4" ci="0" mb="0" cb="0"/><line nr="435" mi="4" ci="0" mb="0" cb="0"/><line nr="436" mi="1" ci="0" mb="0" cb="0"/><line nr="437" mi="8" ci="0" mb="0" cb="0"/><line nr="441" mi="2" ci="0" mb="0" cb="0"/><line nr="443" mi="4" ci="0" mb="0" cb="0"/><line nr="445" mi="15" ci="0" mb="0" cb="0"/><line nr="451" mi="0" ci="4" mb="0" cb="0"/><line nr="454" mi="0" ci="4" mb="0" cb="2"/><line nr="455" mi="0" ci="15" mb="0" cb="0"/><line nr="456" mi="0" ci="5" mb="0" cb="0"/><line nr="457" mi="0" ci="4" mb="0" cb="2"/><line nr="458" mi="0" ci="4" mb="0" cb="0"/><line nr="459" mi="0" ci="5" mb="0" cb="0"/><line nr="461" mi="0" ci="18" mb="0" cb="0"/><line nr="465" mi="0" ci="7" mb="0" cb="0"/><line nr="466" mi="0" ci="5" mb="2" cb="2"/><line nr="467" mi="0" ci="3" mb="0" cb="0"/><line nr="468" mi="0" ci="4" mb="0" cb="0"/><line nr="469" mi="0" ci="2" mb="1" cb="1"/><line nr="470" mi="0" ci="3" mb="0" cb="0"/><line nr="474" mi="18" ci="0" mb="0" cb="0"/><line nr="484" mi="0" ci="3" mb="0" cb="0"/><counter type="INSTRUCTION" missed="594" covered="708"/><counter type="BRANCH" missed="82" covered="88"/><counter type="LINE" missed="103" covered="131"/><counter type="COMPLEXITY" missed="56" covered="48"/><counter type="METHOD" missed="1" covered="8"/><counter type="CLASS" missed="0" covered="2"/></sourcefile><counter type="INSTRUCTION" missed="618" covered="752"/><counter type="BRANCH" missed="84" covered="94"/><counter type="LINE" missed="106" covered="143"/><counter type="COMPLEXITY" missed="58" covered="53"/><counter type="METHOD" missed="1" covered="11"/><counter type="CLASS" missed="0" covered="3"/></package><counter type="INSTRUCTION" missed="3314" covered="5620"/><counter type="BRANCH" missed="490" covered="557"/><counter type="LINE" missed="599" covered="1153"/><counter type="COMPLEXITY" missed="418" covered="403"/><counter type="METHOD" missed="90" covered="176"/><counter type="CLASS" missed="8" covered="37"/></report>